This is pdfTeX, Version 3.14159265-2.6-1.40.20 (MiKTeX 2.9.7050 64-bit) (preloaded format=pdflatex 2019.7.17)  28 MAR 2021 20:40
entering extended mode
**./htwsaar-i-mst-vorlage.tex
(htwsaar-i-mst-vorlage.tex
LaTeX2e <2018-12-01>

("C:\Users\DJ MacHack\AppData\Roaming\MiKTeX\2.9\tex/latex/koma-script\scrreprt
.cls"
Document Class: scrreprt 2019/02/01 v3.26b KOMA-Script document class (report)

("C:\Users\DJ MacHack\AppData\Roaming\MiKTeX\2.9\tex/latex/koma-script\scrkbase
.sty"
Package: scrkbase 2019/02/01 v3.26b KOMA-Script package (KOMA-Script-dependent 
basics and keyval usage)

("C:\Users\DJ MacHack\AppData\Roaming\MiKTeX\2.9\tex/latex/koma-script\scrbase.
sty"
Package: scrbase 2019/02/01 v3.26b KOMA-Script package (KOMA-Script-independent
 basics and keyval usage)
 ("E:\Program Files\MiKTeX 2.9\tex/latex/graphics\keyval.sty"
Package: keyval 2014/10/28 v1.15 key=value parser (DPC)
\KV@toks@=\toks14
)
("C:\Users\DJ MacHack\AppData\Roaming\MiKTeX\2.9\tex/latex/koma-script\scrlfile
.sty"
Package: scrlfile 2019/02/01 v3.26b KOMA-Script package (loading files)
)))
("C:\Users\DJ MacHack\AppData\Roaming\MiKTeX\2.9\tex/latex/koma-script\tocbasic
.sty"
Package: tocbasic 2019/02/01 v3.26b KOMA-Script package (handling toc-files)
\scr@dte@tocline@numberwidth=\skip41
\scr@dte@tocline@numbox=\box27
)
Package tocbasic Info: omitting babel extension for `toc'
(tocbasic)             because of feature `nobabel' available
(tocbasic)             for `toc' on input line 136.
Class scrreprt Info: You've used standard option `openright'.
(scrreprt)           This is correct!
(scrreprt)           Internally I'm using `open=right'.
(scrreprt)           If you'd like to set the option with \KOMAoptions,
(scrreprt)           you'd have to use `open=right' there
(scrreprt)           instead of `openright', too.
Class scrreprt Info: File `scrsize11pt.clo' used to setup font sizes on input l
ine 2373.

("C:\Users\DJ MacHack\AppData\Roaming\MiKTeX\2.9\tex/latex/koma-script\scrsize1
1pt.clo"
File: scrsize11pt.clo 2019/02/01 v3.26b KOMA-Script font size class option (11p
t)
)
("C:\Users\DJ MacHack\AppData\Roaming\MiKTeX\2.9\tex/latex/koma-script\typearea
.sty"
Package: typearea 2019/02/01 v3.26b KOMA-Script package (type area)
\ta@bcor=\skip42
\ta@div=\count80
\ta@hblk=\skip43
\ta@vblk=\skip44
\ta@temp=\skip45
\footheight=\skip46
Package typearea Info: These are the values describing the layout:
(typearea)             DIV  = 10
(typearea)             BCOR = 14.22636pt
(typearea)             \paperwidth      = 597.50793pt
(typearea)              \textwidth      = 408.2971pt
(typearea)              DIV departure   = -3%
(typearea)              \evensidemargin = 44.38632pt
(typearea)              \oddsidemargin  = 0.28453pt
(typearea)             \paperheight     = 845.04694pt
(typearea)              \textheight     = 595.80026pt
(typearea)              \topmargin      = -25.16531pt
(typearea)              \headheight     = 17.0pt
(typearea)              \headsep        = 20.40001pt
(typearea)              \topskip        = 11.0pt
(typearea)              \footskip       = 47.6pt
(typearea)              \baselineskip   = 13.6pt
(typearea)              on input line 1715.
)
\c@part=\count81
\c@chapter=\count82
\c@section=\count83
\c@subsection=\count84
\c@subsubsection=\count85
\c@paragraph=\count86
\c@subparagraph=\count87
\scr@dte@chapter@maxnumwidth=\skip47
Class scrreprt Info: using compatibility default `afterindent=bysign'
(scrreprt)           for `\chapter on input line 5305.
\scr@dte@section@maxnumwidth=\skip48
Class scrreprt Info: using compatibility default `runin=bysign'
(scrreprt)           for `\section on input line 5315.
Class scrreprt Info: using compatibility default `afterindent=bysign'
(scrreprt)           for `\section on input line 5315.
\scr@dte@part@maxnumwidth=\skip49
Class scrreprt Info: using compatibility default `afterindent=true'
(scrreprt)           for `\part on input line 5324.
\scr@dte@subsection@maxnumwidth=\skip50
Class scrreprt Info: using compatibility default `runin=bysign'
(scrreprt)           for `\subsection on input line 5334.
Class scrreprt Info: using compatibility default `afterindent=bysign'
(scrreprt)           for `\subsection on input line 5334.
\scr@dte@subsubsection@maxnumwidth=\skip51
Class scrreprt Info: using compatibility default `runin=bysign'
(scrreprt)           for `\subsubsection on input line 5344.
Class scrreprt Info: using compatibility default `afterindent=bysign'
(scrreprt)           for `\subsubsection on input line 5344.
\scr@dte@paragraph@maxnumwidth=\skip52
Class scrreprt Info: using compatibility default `runin=bysign'
(scrreprt)           for `\paragraph on input line 5354.
Class scrreprt Info: using compatibility default `afterindent=bysign'
(scrreprt)           for `\paragraph on input line 5354.
\scr@dte@subparagraph@maxnumwidth=\skip53
Class scrreprt Info: using compatibility default `runin=bysign'
(scrreprt)           for `\subparagraph on input line 5364.
Class scrreprt Info: using compatibility default `afterindent=bysign'
(scrreprt)           for `\subparagraph on input line 5364.
\abovecaptionskip=\skip54
\belowcaptionskip=\skip55
\c@pti@nb@sid@b@x=\box28
Package tocbasic Info: omitting babel extension for `lof'
(tocbasic)             because of feature `nobabel' available
(tocbasic)             for `lof' on input line 6613.
\scr@dte@figure@maxnumwidth=\skip56
\c@figure=\count88
Package tocbasic Info: omitting babel extension for `lot'
(tocbasic)             because of feature `nobabel' available
(tocbasic)             for `lot' on input line 6630.
\scr@dte@table@maxnumwidth=\skip57
\c@table=\count89
Class scrreprt Info: Redefining `\numberline' on input line 6799.
\bibindent=\dimen102
) (htwsaar-i-mst-config.tex
("E:\Program Files\MiKTeX 2.9\tex/latex/base\inputenc.sty"
Package: inputenc 2018/08/11 v1.3c Input encoding file
\inpenc@prehook=\toks15
\inpenc@posthook=\toks16
)
   defining Unicode char U+00A0 (decimal 160)

("E:\Program Files\MiKTeX 2.9\tex/latex/base\fontenc.sty"
Package: fontenc 2018/08/11 v2.0j Standard LaTeX package

("E:\Program Files\MiKTeX 2.9\tex/latex/base\t1enc.def"
File: t1enc.def 2018/08/11 v2.0j Standard LaTeX file
LaTeX Font Info:    Redeclaring font encoding T1 on input line 48.
))
\c@dummy=\count90

("E:\Program Files\MiKTeX 2.9\tex/generic/babel\babel.sty"
Package: babel 2019/06/03 3.32 The Babel package

("E:\Program Files\MiKTeX 2.9\tex/generic/babel\switch.def"
File: switch.def 2019/06/03 3.32 Babel switching mechanism
)
*************************************
* Local config file bblopts.cfg used
*
("C:\Users\DJ MacHack\AppData\Roaming\MiKTeX\2.9\tex/latex/arabi\bblopts.cfg"
File: bblopts.cfg 2005/09/08 v0.1 add Arabic and Farsi to "declared" options of
 babel
)
("E:\Program Files\MiKTeX 2.9\tex/latex/babel-german\ngerman.ldf"
Language: ngerman 2018/12/08 v2.11 German support for babel (post-1996 orthogra
phy)

("E:\Program Files\MiKTeX 2.9\tex/latex/babel-german\ngermanb.ldf"
Language: ngermanb 2018/12/08 v2.11 German support for babel (post-1996 orthogr
aphy)

("E:\Program Files\MiKTeX 2.9\tex/generic/babel\babel.def"
File: babel.def 2019/06/03 3.32 Babel common definitions
\babel@savecnt=\count91
\U@D=\dimen103

("E:\Program Files\MiKTeX 2.9\tex/generic/babel\txtbabel.def")
\bbl@dirlevel=\count92
)
Package babel Info: Making " an active character on input line 121.
)))
("C:\Users\DJ MacHack\AppData\Roaming\MiKTeX\2.9\tex/latex/csquotes\csquotes.st
y"
Package: csquotes 2019/05/10 v5.2e context-sensitive quotations (JAW)

("C:\Users\DJ MacHack\AppData\Roaming\MiKTeX\2.9\tex/latex/etoolbox\etoolbox.st
y"
Package: etoolbox 2018/08/19 v2.5f e-TeX tools for LaTeX (JAW)
\etb@tempcnta=\count93
)
\csq@reset=\count94
\csq@gtype=\count95
\csq@glevel=\count96
\csq@qlevel=\count97
\csq@maxlvl=\count98
\csq@tshold=\count99
\csq@ltx@everypar=\toks17

("C:\Users\DJ MacHack\AppData\Roaming\MiKTeX\2.9\tex/latex/csquotes\csquotes.de
f"
File: csquotes.def 2019/05/10 v5.2e csquotes generic definitions (JAW)
)
Package csquotes Info: Trying to load configuration file 'csquotes.cfg'...
Package csquotes Info: ... configuration file loaded successfully.

("C:\Users\DJ MacHack\AppData\Roaming\MiKTeX\2.9\tex/latex/csquotes\csquotes.cf
g"
File: csquotes.cfg 
))
("C:\Users\DJ MacHack\AppData\Roaming\MiKTeX\2.9\tex/latex/biblatex\biblatex.st
y"
Package: biblatex 2018/11/02 v3.12 programmable bibliographies (PK/MW)
 ("E:\Program Files\MiKTeX 2.9\tex/generic/oberdiek\pdftexcmds.sty"
Package: pdftexcmds 2018/09/10 v0.29 Utility functions of pdfTeX for LuaTeX (HO
)

("E:\Program Files\MiKTeX 2.9\tex/generic/oberdiek\infwarerr.sty"
Package: infwarerr 2016/05/16 v1.4 Providing info/warning/error messages (HO)
)
("E:\Program Files\MiKTeX 2.9\tex/generic/oberdiek\ifluatex.sty"
Package: ifluatex 2016/05/16 v1.4 Provides the ifluatex switch (HO)
Package ifluatex Info: LuaTeX not detected.
)
("E:\Program Files\MiKTeX 2.9\tex/generic/oberdiek\ltxcmds.sty"
Package: ltxcmds 2016/05/16 v1.23 LaTeX kernel commands for general use (HO)
)
("E:\Program Files\MiKTeX 2.9\tex/generic/oberdiek\ifpdf.sty"
Package: ifpdf 2018/09/07 v3.3 Provides the ifpdf switch
)
Package pdftexcmds Info: LuaTeX not detected.
Package pdftexcmds Info: \pdf@primitive is available.
Package pdftexcmds Info: \pdf@ifprimitive is available.
Package pdftexcmds Info: \pdfdraftmode found.
)
("E:\Program Files\MiKTeX 2.9\tex/latex/oberdiek\kvoptions.sty"
Package: kvoptions 2016/05/16 v3.12 Key value format for package options (HO)

("E:\Program Files\MiKTeX 2.9\tex/generic/oberdiek\kvsetkeys.sty"
Package: kvsetkeys 2016/05/16 v1.17 Key value parser (HO)

("E:\Program Files\MiKTeX 2.9\tex/generic/oberdiek\etexcmds.sty"
Package: etexcmds 2016/05/16 v1.6 Avoid name clashes with e-TeX commands (HO)
)))
("C:\Users\DJ MacHack\AppData\Roaming\MiKTeX\2.9\tex/latex/logreq\logreq.sty"
Package: logreq 2010/08/04 v1.0 xml request logger
\lrq@indent=\count100

("C:\Users\DJ MacHack\AppData\Roaming\MiKTeX\2.9\tex/latex/logreq\logreq.def"
File: logreq.def 2010/08/04 v1.0 logreq spec v1.0
)) ("E:\Program Files\MiKTeX 2.9\tex/latex/base\ifthen.sty"
Package: ifthen 2014/09/29 v1.1c Standard LaTeX ifthen package (DPC)
)
("C:\Users\DJ MacHack\AppData\Roaming\MiKTeX\2.9\tex/latex/url\url.sty"
\Urlmuskip=\muskip10
Package: url 2013/09/16  ver 3.4  Verb mode for urls, etc.
)
\c@tabx@nest=\count101
\c@listtotal=\count102
\c@listcount=\count103
\c@liststart=\count104
\c@liststop=\count105
\c@citecount=\count106
\c@citetotal=\count107
\c@multicitecount=\count108
\c@multicitetotal=\count109
\c@instcount=\count110
\c@maxnames=\count111
\c@minnames=\count112
\c@maxitems=\count113
\c@minitems=\count114
\c@citecounter=\count115
\c@maxcitecounter=\count116
\c@savedcitecounter=\count117
\c@uniquelist=\count118
\c@uniquename=\count119
\c@refsection=\count120
\c@refsegment=\count121
\c@maxextratitle=\count122
\c@maxextratitleyear=\count123
\c@maxextraname=\count124
\c@maxextradate=\count125
\c@maxextraalpha=\count126
\c@abbrvpenalty=\count127
\c@highnamepenalty=\count128
\c@lownamepenalty=\count129
\c@maxparens=\count130
\c@parenlevel=\count131
\blx@tempcnta=\count132
\blx@tempcntb=\count133
\blx@tempcntc=\count134
\blx@maxsection=\count135
\blx@maxsegment@0=\count136
\blx@notetype=\count137
\blx@parenlevel@text=\count138
\blx@parenlevel@foot=\count139
\blx@sectionciteorder@0=\count140
\blx@entrysetcounter=\count141
\labelnumberwidth=\skip58
\labelalphawidth=\skip59
\biblabelsep=\skip60
\bibitemsep=\skip61
\bibnamesep=\skip62
\bibinitsep=\skip63
\bibparsep=\skip64
\bibhang=\skip65
\blx@bcfin=\read1
\blx@bcfout=\write3
\c@mincomprange=\count142
\c@maxcomprange=\count143
\c@mincompwidth=\count144
Package biblatex Info: Trying to load biblatex default data model...
Package biblatex Info: ... file 'blx-dm.def' found.

("C:\Users\DJ MacHack\AppData\Roaming\MiKTeX\2.9\tex/latex/biblatex\blx-dm.def"
File: blx-dm.def 2018/11/02 v3.12 biblatex localization (PK/MW)
)
Package biblatex Info: Trying to load biblatex style data model...
Package biblatex Info: ... file 'numeric-comp.dbx' not found.
Package biblatex Info: Trying to load biblatex custom data model...
Package biblatex Info: ... file 'biblatex-dm.cfg' not found.
\c@afterword=\count145
\c@savedafterword=\count146
\c@annotator=\count147
\c@savedannotator=\count148
\c@author=\count149
\c@savedauthor=\count150
\c@bookauthor=\count151
\c@savedbookauthor=\count152
\c@commentator=\count153
\c@savedcommentator=\count154
\c@editor=\count155
\c@savededitor=\count156
\c@editora=\count157
\c@savededitora=\count158
\c@editorb=\count159
\c@savededitorb=\count160
\c@editorc=\count161
\c@savededitorc=\count162
\c@foreword=\count163
\c@savedforeword=\count164
\c@holder=\count165
\c@savedholder=\count166
\c@introduction=\count167
\c@savedintroduction=\count168
\c@namea=\count169
\c@savednamea=\count170
\c@nameb=\count171
\c@savednameb=\count172
\c@namec=\count173
\c@savednamec=\count174
\c@translator=\count175
\c@savedtranslator=\count176
\c@shortauthor=\count177
\c@savedshortauthor=\count178
\c@shorteditor=\count179
\c@savedshorteditor=\count180
\c@labelname=\count181
\c@savedlabelname=\count182
\c@institution=\count183
\c@savedinstitution=\count184
\c@lista=\count185
\c@savedlista=\count186
\c@listb=\count187
\c@savedlistb=\count188
\c@listc=\count189
\c@savedlistc=\count190
\c@listd=\count191
\c@savedlistd=\count192
\c@liste=\count193
\c@savedliste=\count194
\c@listf=\count195
\c@savedlistf=\count196
\c@location=\count197
\c@savedlocation=\count198
\c@organization=\count199
\c@savedorganization=\count266
\c@origlocation=\count267
\c@savedoriglocation=\count268
\c@origpublisher=\count269
\c@savedorigpublisher=\count270
\c@publisher=\count271
\c@savedpublisher=\count272
\c@language=\count273
\c@savedlanguage=\count274
\c@origlanguage=\count275
\c@savedoriglanguage=\count276
\c@pageref=\count277
\c@savedpageref=\count278
\shorthandwidth=\skip66
\shortjournalwidth=\skip67
\shortserieswidth=\skip68
\shorttitlewidth=\skip69
\shortauthorwidth=\skip70
\shorteditorwidth=\skip71
\locallabelnumberwidth=\skip72
\locallabelalphawidth=\skip73
\localshorthandwidth=\skip74
\localshortjournalwidth=\skip75
\localshortserieswidth=\skip76
\localshorttitlewidth=\skip77
\localshortauthorwidth=\skip78
\localshorteditorwidth=\skip79
Package biblatex Info: Trying to load compatibility code...
Package biblatex Info: ... file 'blx-compat.def' found.

("C:\Users\DJ MacHack\AppData\Roaming\MiKTeX\2.9\tex/latex/biblatex\blx-compat.
def"
File: blx-compat.def 2018/11/02 v3.12 biblatex compatibility (PK/MW)
)
Package biblatex Info: Trying to load BibTeX backend compatibility...
Package biblatex Info: ... file 'blx-bibtex.def' found.

("C:\Users\DJ MacHack\AppData\Roaming\MiKTeX\2.9\tex/latex/biblatex\blx-bibtex.
def"
File: blx-bibtex.def 2018/11/02 v3.12 biblatex compatibility (PK/MW)


Package biblatex Warning: Using fall-back BibTeX(8) backend:
(biblatex)                functionality may be reduced/unavailable.

)
Package biblatex Info: Trying to load generic definitions...
Package biblatex Info: ... file 'biblatex.def' found.

("C:\Users\DJ MacHack\AppData\Roaming\MiKTeX\2.9\tex/latex/biblatex\biblatex.de
f"
File: biblatex.def 2018/11/02 v3.12 biblatex compatibility (PK/MW)
\c@textcitecount=\count279
\c@textcitetotal=\count280
\c@textcitemaxnames=\count281
\c@biburlnumpenalty=\count282
\c@biburlucpenalty=\count283
\c@biburllcpenalty=\count284
\c@smartand=\count285
)
Package biblatex Info: Trying to load bibliography style 'numeric-comp'...
Package biblatex Info: ... file 'numeric-comp.bbx' found.

("C:\Users\DJ MacHack\AppData\Roaming\MiKTeX\2.9\tex/latex/biblatex/bbx\numeric
-comp.bbx"
File: numeric-comp.bbx 2018/11/02 v3.12 biblatex bibliography style (PK/MW)
Package biblatex Info: Trying to load bibliography style 'numeric'...
Package biblatex Info: ... file 'numeric.bbx' found.

("C:\Users\DJ MacHack\AppData\Roaming\MiKTeX\2.9\tex/latex/biblatex/bbx\numeric
.bbx"
File: numeric.bbx 2018/11/02 v3.12 biblatex bibliography style (PK/MW)
Package biblatex Info: Trying to load bibliography style 'standard'...
Package biblatex Info: ... file 'standard.bbx' found.

("C:\Users\DJ MacHack\AppData\Roaming\MiKTeX\2.9\tex/latex/biblatex/bbx\standar
d.bbx"
File: standard.bbx 2018/11/02 v3.12 biblatex bibliography style (PK/MW)
\c@bbx:relatedcount=\count286
\c@bbx:relatedtotal=\count287
)))
Package biblatex Info: Trying to load citation style 'numeric-comp'...
Package biblatex Info: ... file 'numeric-comp.cbx' found.

("C:\Users\DJ MacHack\AppData\Roaming\MiKTeX\2.9\tex/latex/biblatex/cbx\numeric
-comp.cbx"
File: numeric-comp.cbx 2018/11/02 v3.12 biblatex citation style (PK/MW)
\c@cbx@tempcnta=\count288
\c@cbx@tempcntb=\count289
Package biblatex Info: Redefining '\cite'.
Package biblatex Info: Redefining '\parencite'.
Package biblatex Info: Redefining '\footcite'.
Package biblatex Info: Redefining '\footcitetext'.
Package biblatex Info: Redefining '\smartcite'.
Package biblatex Info: Redefining '\supercite'.
Package biblatex Info: Redefining '\textcite'.
Package biblatex Info: Redefining '\textcites'.
Package biblatex Info: Redefining '\cites'.
Package biblatex Info: Redefining '\parencites'.
Package biblatex Info: Redefining '\smartcites'.
)
Package biblatex Info: Trying to load configuration file...
Package biblatex Info: ... file 'biblatex.cfg' found.

("C:\Users\DJ MacHack\AppData\Roaming\MiKTeX\2.9\tex/latex/biblatex\biblatex.cf
g"
File: biblatex.cfg 
)) ("E:\Program Files\MiKTeX 2.9\tex/latex/amsmath\amsmath.sty"
Package: amsmath 2018/12/01 v2.17b AMS math features
\@mathmargin=\skip80

For additional information on amsmath, use the `?' option.
("E:\Program Files\MiKTeX 2.9\tex/latex/amsmath\amstext.sty"
Package: amstext 2000/06/29 v2.01 AMS text

("E:\Program Files\MiKTeX 2.9\tex/latex/amsmath\amsgen.sty"
File: amsgen.sty 1999/11/30 v2.0 generic functions
\@emptytoks=\toks18
\ex@=\dimen104
))
("E:\Program Files\MiKTeX 2.9\tex/latex/amsmath\amsbsy.sty"
Package: amsbsy 1999/11/29 v1.2d Bold Symbols
\pmbraise@=\dimen105
)
("E:\Program Files\MiKTeX 2.9\tex/latex/amsmath\amsopn.sty"
Package: amsopn 2016/03/08 v2.02 operator names
)
\inf@bad=\count290
LaTeX Info: Redefining \frac on input line 223.
\uproot@=\count291
\leftroot@=\count292
LaTeX Info: Redefining \overline on input line 385.
\classnum@=\count293
\DOTSCASE@=\count294
LaTeX Info: Redefining \ldots on input line 482.
LaTeX Info: Redefining \dots on input line 485.
LaTeX Info: Redefining \cdots on input line 606.
\Mathstrutbox@=\box29
\strutbox@=\box30
\big@size=\dimen106
LaTeX Font Info:    Redeclaring font encoding OML on input line 729.
LaTeX Font Info:    Redeclaring font encoding OMS on input line 730.
\macc@depth=\count295
\c@MaxMatrixCols=\count296
\dotsspace@=\muskip11
\c@parentequation=\count297
\dspbrk@lvl=\count298
\tag@help=\toks19
\row@=\count299
\column@=\count300
\maxfields@=\count301
\andhelp@=\toks20
\eqnshift@=\dimen107
\alignsep@=\dimen108
\tagshift@=\dimen109
\tagwidth@=\dimen110
\totwidth@=\dimen111
\lineht@=\dimen112
\@envbody=\toks21
\multlinegap=\skip81
\multlinetaggap=\skip82
\mathdisplay@stack=\toks22
LaTeX Info: Redefining \[ on input line 2844.
LaTeX Info: Redefining \] on input line 2845.
)
("E:\Program Files\MiKTeX 2.9\tex/latex/geometry\geometry.sty"
Package: geometry 2018/04/16 v5.8 Page Geometry

("E:\Program Files\MiKTeX 2.9\tex/generic/oberdiek\ifvtex.sty"
Package: ifvtex 2016/05/16 v1.6 Detect VTeX and its facilities (HO)
Package ifvtex Info: VTeX not detected.
)
("E:\Program Files\MiKTeX 2.9\tex/generic/ifxetex\ifxetex.sty"
Package: ifxetex 2010/09/12 v0.6 Provides ifxetex conditional
)
\Gm@cnth=\count302
\Gm@cntv=\count303
\c@Gm@tempcnt=\count304
\Gm@bindingoffset=\dimen113
\Gm@wd@mp=\dimen114
\Gm@odd@mp=\dimen115
\Gm@even@mp=\dimen116
\Gm@layoutwidth=\dimen117
\Gm@layoutheight=\dimen118
\Gm@layouthoffset=\dimen119
\Gm@layoutvoffset=\dimen120
\Gm@dimlist=\toks23

("E:\Program Files\MiKTeX 2.9\tex/latex/geometry\geometry.cfg"))
("C:\Users\DJ MacHack\AppData\Roaming\MiKTeX\2.9\tex/latex/xcolor\xcolor.sty"
Package: xcolor 2016/05/11 v2.12 LaTeX color extensions (UK)

("E:\Program Files\MiKTeX 2.9\tex/latex/graphics-cfg\color.cfg"
File: color.cfg 2016/01/02 v1.6 sample color configuration
)
Package xcolor Info: Driver file: pdftex.def on input line 225.

("E:\Program Files\MiKTeX 2.9\tex/latex/graphics-def\pdftex.def"
File: pdftex.def 2018/01/08 v1.0l Graphics/color driver for pdftex
)
Package xcolor Info: Model `cmy' substituted by `cmy0' on input line 1348.
Package xcolor Info: Model `hsb' substituted by `rgb' on input line 1352.
Package xcolor Info: Model `RGB' extended on input line 1364.
Package xcolor Info: Model `HTML' substituted by `rgb' on input line 1366.
Package xcolor Info: Model `Hsb' substituted by `hsb' on input line 1367.
Package xcolor Info: Model `tHsb' substituted by `hsb' on input line 1368.
Package xcolor Info: Model `HSB' substituted by `hsb' on input line 1369.
Package xcolor Info: Model `Gray' substituted by `gray' on input line 1370.
Package xcolor Info: Model `wave' substituted by `hsb' on input line 1371.

("E:\Program Files\MiKTeX 2.9\tex/latex/graphics\dvipsnam.def"
File: dvipsnam.def 2016/06/17 v3.0m Driver-dependent file (DPC,SPQR)
))
("E:\Program Files\MiKTeX 2.9\tex/latex/base\textcomp.sty"
Package: textcomp 2018/08/11 v2.0j Standard LaTeX package
Package textcomp Info: Sub-encoding information:
(textcomp)               5 = only ISO-Adobe without \textcurrency
(textcomp)               4 = 5 + \texteuro
(textcomp)               3 = 4 + \textohm
(textcomp)               2 = 3 + \textestimated + \textcurrency
(textcomp)               1 = TS1 - \textcircled - \t
(textcomp)               0 = TS1 (full)
(textcomp)             Font families with sub-encoding setting implement
(textcomp)             only a restricted character set as indicated.
(textcomp)             Family '?' is the default used for unknown fonts.
(textcomp)             See the documentation for details.
Package textcomp Info: Setting ? sub-encoding to TS1/1 on input line 79.

("E:\Program Files\MiKTeX 2.9\tex/latex/base\ts1enc.def"
File: ts1enc.def 2001/06/05 v3.0e (jk/car/fm) Standard LaTeX file
Now handling font encoding TS1 ...
... processing UTF-8 mapping file for font encoding TS1

("E:\Program Files\MiKTeX 2.9\tex/latex/base\ts1enc.dfu"
File: ts1enc.dfu 2018/10/05 v1.2f UTF-8 support for inputenc
   defining Unicode char U+00A2 (decimal 162)
   defining Unicode char U+00A3 (decimal 163)
   defining Unicode char U+00A4 (decimal 164)
   defining Unicode char U+00A5 (decimal 165)
   defining Unicode char U+00A6 (decimal 166)
   defining Unicode char U+00A7 (decimal 167)
   defining Unicode char U+00A8 (decimal 168)
   defining Unicode char U+00A9 (decimal 169)
   defining Unicode char U+00AA (decimal 170)
   defining Unicode char U+00AC (decimal 172)
   defining Unicode char U+00AE (decimal 174)
   defining Unicode char U+00AF (decimal 175)
   defining Unicode char U+00B0 (decimal 176)
   defining Unicode char U+00B1 (decimal 177)
   defining Unicode char U+00B2 (decimal 178)
   defining Unicode char U+00B3 (decimal 179)
   defining Unicode char U+00B4 (decimal 180)
   defining Unicode char U+00B5 (decimal 181)
   defining Unicode char U+00B6 (decimal 182)
   defining Unicode char U+00B7 (decimal 183)
   defining Unicode char U+00B9 (decimal 185)
   defining Unicode char U+00BA (decimal 186)
   defining Unicode char U+00BC (decimal 188)
   defining Unicode char U+00BD (decimal 189)
   defining Unicode char U+00BE (decimal 190)
   defining Unicode char U+00D7 (decimal 215)
   defining Unicode char U+00F7 (decimal 247)
   defining Unicode char U+0192 (decimal 402)
   defining Unicode char U+02C7 (decimal 711)
   defining Unicode char U+02D8 (decimal 728)
   defining Unicode char U+02DD (decimal 733)
   defining Unicode char U+0E3F (decimal 3647)
   defining Unicode char U+2016 (decimal 8214)
   defining Unicode char U+2020 (decimal 8224)
   defining Unicode char U+2021 (decimal 8225)
   defining Unicode char U+2022 (decimal 8226)
   defining Unicode char U+2030 (decimal 8240)
   defining Unicode char U+2031 (decimal 8241)
   defining Unicode char U+203B (decimal 8251)
   defining Unicode char U+203D (decimal 8253)
   defining Unicode char U+2044 (decimal 8260)
   defining Unicode char U+204E (decimal 8270)
   defining Unicode char U+2052 (decimal 8274)
   defining Unicode char U+20A1 (decimal 8353)
   defining Unicode char U+20A4 (decimal 8356)
   defining Unicode char U+20A6 (decimal 8358)
   defining Unicode char U+20A9 (decimal 8361)
   defining Unicode char U+20AB (decimal 8363)
   defining Unicode char U+20AC (decimal 8364)
   defining Unicode char U+20B1 (decimal 8369)
   defining Unicode char U+2103 (decimal 8451)
   defining Unicode char U+2116 (decimal 8470)
   defining Unicode char U+2117 (decimal 8471)
   defining Unicode char U+211E (decimal 8478)
   defining Unicode char U+2120 (decimal 8480)
   defining Unicode char U+2122 (decimal 8482)
   defining Unicode char U+2126 (decimal 8486)
   defining Unicode char U+2127 (decimal 8487)
   defining Unicode char U+212E (decimal 8494)
   defining Unicode char U+2190 (decimal 8592)
   defining Unicode char U+2191 (decimal 8593)
   defining Unicode char U+2192 (decimal 8594)
   defining Unicode char U+2193 (decimal 8595)
   defining Unicode char U+2329 (decimal 9001)
   defining Unicode char U+232A (decimal 9002)
   defining Unicode char U+2422 (decimal 9250)
   defining Unicode char U+25E6 (decimal 9702)
   defining Unicode char U+25EF (decimal 9711)
   defining Unicode char U+266A (decimal 9834)
   defining Unicode char U+FEFF (decimal 65279)
))
LaTeX Info: Redefining \oldstylenums on input line 334.
Package textcomp Info: Setting cmr sub-encoding to TS1/0 on input line 349.
Package textcomp Info: Setting cmss sub-encoding to TS1/0 on input line 350.
Package textcomp Info: Setting cmtt sub-encoding to TS1/0 on input line 351.
Package textcomp Info: Setting cmvtt sub-encoding to TS1/0 on input line 352.
Package textcomp Info: Setting cmbr sub-encoding to TS1/0 on input line 353.
Package textcomp Info: Setting cmtl sub-encoding to TS1/0 on input line 354.
Package textcomp Info: Setting ccr sub-encoding to TS1/0 on input line 355.
Package textcomp Info: Setting ptm sub-encoding to TS1/4 on input line 356.
Package textcomp Info: Setting pcr sub-encoding to TS1/4 on input line 357.
Package textcomp Info: Setting phv sub-encoding to TS1/4 on input line 358.
Package textcomp Info: Setting ppl sub-encoding to TS1/3 on input line 359.
Package textcomp Info: Setting pag sub-encoding to TS1/4 on input line 360.
Package textcomp Info: Setting pbk sub-encoding to TS1/4 on input line 361.
Package textcomp Info: Setting pnc sub-encoding to TS1/4 on input line 362.
Package textcomp Info: Setting pzc sub-encoding to TS1/4 on input line 363.
Package textcomp Info: Setting bch sub-encoding to TS1/4 on input line 364.
Package textcomp Info: Setting put sub-encoding to TS1/5 on input line 365.
Package textcomp Info: Setting uag sub-encoding to TS1/5 on input line 366.
Package textcomp Info: Setting ugq sub-encoding to TS1/5 on input line 367.
Package textcomp Info: Setting ul8 sub-encoding to TS1/4 on input line 368.
Package textcomp Info: Setting ul9 sub-encoding to TS1/4 on input line 369.
Package textcomp Info: Setting augie sub-encoding to TS1/5 on input line 370.
Package textcomp Info: Setting dayrom sub-encoding to TS1/3 on input line 371.
Package textcomp Info: Setting dayroms sub-encoding to TS1/3 on input line 372.

Package textcomp Info: Setting pxr sub-encoding to TS1/0 on input line 373.
Package textcomp Info: Setting pxss sub-encoding to TS1/0 on input line 374.
Package textcomp Info: Setting pxtt sub-encoding to TS1/0 on input line 375.
Package textcomp Info: Setting txr sub-encoding to TS1/0 on input line 376.
Package textcomp Info: Setting txss sub-encoding to TS1/0 on input line 377.
Package textcomp Info: Setting txtt sub-encoding to TS1/0 on input line 378.
Package textcomp Info: Setting lmr sub-encoding to TS1/0 on input line 379.
Package textcomp Info: Setting lmdh sub-encoding to TS1/0 on input line 380.
Package textcomp Info: Setting lmss sub-encoding to TS1/0 on input line 381.
Package textcomp Info: Setting lmssq sub-encoding to TS1/0 on input line 382.
Package textcomp Info: Setting lmvtt sub-encoding to TS1/0 on input line 383.
Package textcomp Info: Setting lmtt sub-encoding to TS1/0 on input line 384.
Package textcomp Info: Setting qhv sub-encoding to TS1/0 on input line 385.
Package textcomp Info: Setting qag sub-encoding to TS1/0 on input line 386.
Package textcomp Info: Setting qbk sub-encoding to TS1/0 on input line 387.
Package textcomp Info: Setting qcr sub-encoding to TS1/0 on input line 388.
Package textcomp Info: Setting qcs sub-encoding to TS1/0 on input line 389.
Package textcomp Info: Setting qpl sub-encoding to TS1/0 on input line 390.
Package textcomp Info: Setting qtm sub-encoding to TS1/0 on input line 391.
Package textcomp Info: Setting qzc sub-encoding to TS1/0 on input line 392.
Package textcomp Info: Setting qhvc sub-encoding to TS1/0 on input line 393.
Package textcomp Info: Setting futs sub-encoding to TS1/4 on input line 394.
Package textcomp Info: Setting futx sub-encoding to TS1/4 on input line 395.
Package textcomp Info: Setting futj sub-encoding to TS1/4 on input line 396.
Package textcomp Info: Setting hlh sub-encoding to TS1/3 on input line 397.
Package textcomp Info: Setting hls sub-encoding to TS1/3 on input line 398.
Package textcomp Info: Setting hlst sub-encoding to TS1/3 on input line 399.
Package textcomp Info: Setting hlct sub-encoding to TS1/5 on input line 400.
Package textcomp Info: Setting hlx sub-encoding to TS1/5 on input line 401.
Package textcomp Info: Setting hlce sub-encoding to TS1/5 on input line 402.
Package textcomp Info: Setting hlcn sub-encoding to TS1/5 on input line 403.
Package textcomp Info: Setting hlcw sub-encoding to TS1/5 on input line 404.
Package textcomp Info: Setting hlcf sub-encoding to TS1/5 on input line 405.
Package textcomp Info: Setting pplx sub-encoding to TS1/3 on input line 406.
Package textcomp Info: Setting pplj sub-encoding to TS1/3 on input line 407.
Package textcomp Info: Setting ptmx sub-encoding to TS1/4 on input line 408.
Package textcomp Info: Setting ptmj sub-encoding to TS1/4 on input line 409.
)
("C:\Users\DJ MacHack\AppData\Roaming\MiKTeX\2.9\tex/latex/koma-script\scrhack.
sty"
Package: scrhack 2019/02/01 v3.26b KOMA-Script package 

("C:\Users\DJ MacHack\AppData\Roaming\MiKTeX\2.9\tex/latex/xpatch\xpatch.sty"
("C:\Users\DJ MacHack\AppData\Roaming\MiKTeX\2.9\tex/latex/l3kernel\expl3.sty"
Package: expl3 2019-07-01 L3 programming layer (loader) 

("C:\Users\DJ MacHack\AppData\Roaming\MiKTeX\2.9\tex/latex/l3kernel\expl3-code.
tex"
Package: expl3 2019-07-01 L3 programming layer (code)
\c_max_int=\count305
\l_tmpa_int=\count306
\l_tmpb_int=\count307
\g_tmpa_int=\count308
\g_tmpb_int=\count309
\g__kernel_prg_map_int=\count310
\c__ior_term_ior=\count311
\c_log_iow=\count312
\l_iow_line_count_int=\count313
\l__iow_line_target_int=\count314
\l__iow_one_indent_int=\count315
\l__iow_indent_int=\count316
\c_zero_dim=\dimen121
\c_max_dim=\dimen122
\l_tmpa_dim=\dimen123
\l_tmpb_dim=\dimen124
\g_tmpa_dim=\dimen125
\g_tmpb_dim=\dimen126
\c_zero_skip=\skip83
\c_max_skip=\skip84
\l_tmpa_skip=\skip85
\l_tmpb_skip=\skip86
\g_tmpa_skip=\skip87
\g_tmpb_skip=\skip88
\c_zero_muskip=\muskip12
\c_max_muskip=\muskip13
\l_tmpa_muskip=\muskip14
\l_tmpb_muskip=\muskip15
\g_tmpa_muskip=\muskip16
\g_tmpb_muskip=\muskip17
\l_keys_choice_int=\count317
\l__intarray_loop_int=\count318
\c__intarray_sp_dim=\dimen127
\g__intarray_font_int=\count319
\c__fp_leading_shift_int=\count320
\c__fp_middle_shift_int=\count321
\c__fp_trailing_shift_int=\count322
\c__fp_big_leading_shift_int=\count323
\c__fp_big_middle_shift_int=\count324
\c__fp_big_trailing_shift_int=\count325
\c__fp_Bigg_leading_shift_int=\count326
\c__fp_Bigg_middle_shift_int=\count327
\c__fp_Bigg_trailing_shift_int=\count328
\c__kernel_randint_max_int=\count329
\g__fp_array_int=\count330
\l__fp_array_loop_int=\count331
\l__sort_length_int=\count332
\l__sort_min_int=\count333
\l__sort_top_int=\count334
\l__sort_max_int=\count335
\l__sort_true_max_int=\count336
\l__sort_block_int=\count337
\l__sort_begin_int=\count338
\l__sort_end_int=\count339
\l__sort_A_int=\count340
\l__sort_B_int=\count341
\l__sort_C_int=\count342
\l__str_internal_int=\count343
\c__str_replacement_char_int=\count344
\l__tl_analysis_normal_int=\count345
\l__tl_analysis_index_int=\count346
\l__tl_analysis_nesting_int=\count347
\l__tl_analysis_type_int=\count348
\l__regex_internal_a_int=\count349
\l__regex_internal_b_int=\count350
\l__regex_internal_c_int=\count351
\l__regex_balance_int=\count352
\l__regex_group_level_int=\count353
\l__regex_mode_int=\count354
\c__regex_cs_in_class_mode_int=\count355
\c__regex_cs_mode_int=\count356
\l__regex_catcodes_int=\count357
\l__regex_default_catcodes_int=\count358
\c__regex_catcode_D_int=\count359
\c__regex_catcode_S_int=\count360
\c__regex_catcode_L_int=\count361
\c__regex_catcode_O_int=\count362
\c__regex_catcode_A_int=\count363
\c__regex_all_catcodes_int=\count364
\l__regex_show_lines_int=\count365
\l__regex_min_state_int=\count366
\l__regex_max_state_int=\count367
\l__regex_left_state_int=\count368
\l__regex_right_state_int=\count369
\l__regex_capturing_group_int=\count370
\l__regex_min_pos_int=\count371
\l__regex_max_pos_int=\count372
\l__regex_curr_pos_int=\count373
\l__regex_start_pos_int=\count374
\l__regex_success_pos_int=\count375
\l__regex_curr_char_int=\count376
\l__regex_curr_catcode_int=\count377
\l__regex_last_char_int=\count378
\l__regex_case_changed_char_int=\count379
\l__regex_curr_state_int=\count380
\l__regex_step_int=\count381
\l__regex_min_active_int=\count382
\l__regex_max_active_int=\count383
\l__regex_replacement_csnames_int=\count384
\l__regex_match_count_int=\count385
\l__regex_min_submatch_int=\count386
\l__regex_submatch_int=\count387
\l__regex_zeroth_submatch_int=\count388
\g__regex_trace_regex_int=\count389
\c_empty_box=\box31
\l_tmpa_box=\box32
\l_tmpb_box=\box33
\g_tmpa_box=\box34
\g_tmpb_box=\box35
\l__box_top_dim=\dimen128
\l__box_bottom_dim=\dimen129
\l__box_left_dim=\dimen130
\l__box_right_dim=\dimen131
\l__box_top_new_dim=\dimen132
\l__box_bottom_new_dim=\dimen133
\l__box_left_new_dim=\dimen134
\l__box_right_new_dim=\dimen135
\l__box_internal_box=\box36
\l__coffin_internal_box=\box37
\l__coffin_internal_dim=\dimen136
\l__coffin_offset_x_dim=\dimen137
\l__coffin_offset_y_dim=\dimen138
\l__coffin_x_dim=\dimen139
\l__coffin_y_dim=\dimen140
\l__coffin_x_prime_dim=\dimen141
\l__coffin_y_prime_dim=\dimen142
\c_empty_coffin=\box38
\l__coffin_aligned_coffin=\box39
\l__coffin_aligned_internal_coffin=\box40
\l_tmpa_coffin=\box41
\l_tmpb_coffin=\box42
\g_tmpa_coffin=\box43
\g_tmpb_coffin=\box44
\l__coffin_bounding_shift_dim=\dimen143
\l__coffin_left_corner_dim=\dimen144
\l__coffin_right_corner_dim=\dimen145
\l__coffin_bottom_corner_dim=\dimen146
\l__coffin_top_corner_dim=\dimen147
\l__coffin_scaled_total_height_dim=\dimen148
\l__coffin_scaled_width_dim=\dimen149
\c__coffin_empty_coffin=\box45
\l__coffin_display_coffin=\box46
\l__coffin_display_coord_coffin=\box47
\l__coffin_display_pole_coffin=\box48
\l__coffin_display_offset_dim=\dimen150
\l__coffin_display_x_dim=\dimen151
\l__coffin_display_y_dim=\dimen152
\g__file_internal_ior=\read2
\l__seq_internal_a_int=\count390
\l__seq_internal_b_int=\count391
\c__deprecation_minus_one=\count392
)
("C:\Users\DJ MacHack\AppData\Roaming\MiKTeX\2.9\tex/latex/l3backend\l3backend-
pdfmode.def"
File: l3backend-pdfmode.def 2019-04-06 v L3 Experimental backend support: PDF m
ode
\l__kernel_color_stack_int=\count393
\l__pdf_internal_box=\box49
))
Package: xpatch 2012/10/02 v0.3 Extending etoolbox patching commands

("C:\Users\DJ MacHack\AppData\Roaming\MiKTeX\2.9\tex/latex/l3packages/xparse\xp
arse.sty"
Package: xparse 2019-05-28 L3 Experimental document command parser
\l__xparse_current_arg_int=\count394
\g__xparse_grabber_int=\count395
\l__xparse_m_args_int=\count396
\l__xparse_v_nesting_int=\count397
))) ("E:\Program Files\MiKTeX 2.9\tex/latex/tools\xspace.sty"
Package: xspace 2014/10/28 v1.13 Space after command names (DPC,MH)
)
("C:\Users\DJ MacHack\AppData\Roaming\MiKTeX\2.9\tex/latex/mparhack\mparhack.st
y"
Package: mparhack 2005/04/17 v1.4 (T. Sgouros and S. Ulrich)
)
("C:\Users\DJ MacHack\AppData\Roaming\MiKTeX\2.9\tex/latex/acronym\acronym.sty"
Package: acronym 2015/03/21 v1.41 Support for acronyms (Tobias Oetiker)
("C:\Users\DJ MacHack\AppData\Roaming\MiKTeX\2.9\tex/latex/bigfoot\suffix.sty"
Package: suffix 2006/07/15 1.5a Variant command support
) ("C:\Users\DJ MacHack\AppData\Roaming\MiKTeX\2.9\tex/latex/xstring\xstring.st
y"
("C:\Users\DJ MacHack\AppData\Roaming\MiKTeX\2.9\tex/generic/xstring\xstring.te
x"
\integerpart=\count398
\decimalpart=\count399
)
Package: xstring 2019/02/06 v1.83 String manipulations (CT)
)
\AC@clearlist=\toks24
)
("C:\Users\DJ MacHack\AppData\Roaming\MiKTeX\2.9\tex/latex/booktabs\booktabs.st
y"
Package: booktabs 2005/04/14 v1.61803 publication quality tables
\heavyrulewidth=\dimen153
\lightrulewidth=\dimen154
\cmidrulewidth=\dimen155
\belowrulesep=\dimen156
\belowbottomsep=\dimen157
\aboverulesep=\dimen158
\abovetopsep=\dimen159
\cmidrulesep=\dimen160
\cmidrulekern=\dimen161
\defaultaddspace=\dimen162
\@cmidla=\count400
\@cmidlb=\count401
\@aboverulesep=\dimen163
\@belowrulesep=\dimen164
\@thisruleclass=\count402
\@lastruleclass=\count403
\@thisrulewidth=\dimen165
) ("E:\Program Files\MiKTeX 2.9\tex/latex/multirow\multirow.sty"
Package: multirow 2019/05/31 v2.5 Span multiple rows of a table
\multirow@colwidth=\skip89
\multirow@cntb=\count404
\multirow@dima=\skip90
\bigstrutjot=\dimen166
)
("C:\Users\DJ MacHack\AppData\Roaming\MiKTeX\2.9\tex/latex/todonotes\todonotes.
sty"
Package: todonotes 2019/01/24 v1.1.2 Todonotes source and documentation.
Package: todonotes 2018/11/22
 ("E:\Program Files\MiKTeX 2.9\tex/latex/xkeyval\xkeyval.sty"
Package: xkeyval 2014/12/03 v2.7a package option processing (HA)

("E:\Program Files\MiKTeX 2.9\tex/generic/xkeyval\xkeyval.tex"
("E:\Program Files\MiKTeX 2.9\tex/generic/xkeyval\xkvutils.tex"
\XKV@toks=\toks25
\XKV@tempa@toks=\toks26
)
\XKV@depth=\count405
File: xkeyval.tex 2014/12/03 v2.7a key=value parser (HA)
))
("C:\Users\DJ MacHack\AppData\Roaming\MiKTeX\2.9\tex/latex/pgf/frontendlayer\ti
kz.sty"
("C:\Users\DJ MacHack\AppData\Roaming\MiKTeX\2.9\tex/latex/pgf/basiclayer\pgf.s
ty"
("C:\Users\DJ MacHack\AppData\Roaming\MiKTeX\2.9\tex/latex/pgf/utilities\pgfrcs
.sty"
("C:\Users\DJ MacHack\AppData\Roaming\MiKTeX\2.9\tex/generic/pgf/utilities\pgfu
til-common.tex"
\pgfutil@everybye=\toks27
\pgfutil@tempdima=\dimen167
\pgfutil@tempdimb=\dimen168

("C:\Users\DJ MacHack\AppData\Roaming\MiKTeX\2.9\tex/generic/pgf/utilities\pgfu
til-common-lists.tex"))
("C:\Users\DJ MacHack\AppData\Roaming\MiKTeX\2.9\tex/generic/pgf/utilities\pgfu
til-latex.def"
\pgfutil@abb=\box50

("C:\Users\DJ MacHack\AppData\Roaming\MiKTeX\2.9\tex/latex/ms\everyshi.sty"
Package: everyshi 2001/05/15 v3.00 EveryShipout Package (MS)
))
("C:\Users\DJ MacHack\AppData\Roaming\MiKTeX\2.9\tex/generic/pgf/utilities\pgfr
cs.code.tex"
("C:\Users\DJ MacHack\AppData\Roaming\MiKTeX\2.9\tex/generic/pgf\pgf.revision.t
ex")
Package: pgfrcs 2019/07/12 v3.1.4 (3.1.4)
))
Package: pgf 2019/07/12 v3.1.4 (3.1.4)

("C:\Users\DJ MacHack\AppData\Roaming\MiKTeX\2.9\tex/latex/pgf/basiclayer\pgfco
re.sty" ("E:\Program Files\MiKTeX 2.9\tex/latex/graphics\graphicx.sty"
Package: graphicx 2017/06/01 v1.1a Enhanced LaTeX Graphics (DPC,SPQR)

("E:\Program Files\MiKTeX 2.9\tex/latex/graphics\graphics.sty"
Package: graphics 2017/06/25 v1.2c Standard LaTeX Graphics (DPC,SPQR)

("E:\Program Files\MiKTeX 2.9\tex/latex/graphics\trig.sty"
Package: trig 2016/01/03 v1.10 sin cos tan (DPC)
)
("E:\Program Files\MiKTeX 2.9\tex/latex/graphics-cfg\graphics.cfg"
File: graphics.cfg 2016/06/04 v1.11 sample graphics configuration
)
Package graphics Info: Driver file: pdftex.def on input line 99.
)
\Gin@req@height=\dimen169
\Gin@req@width=\dimen170
)
("C:\Users\DJ MacHack\AppData\Roaming\MiKTeX\2.9\tex/latex/pgf/systemlayer\pgfs
ys.sty"
("C:\Users\DJ MacHack\AppData\Roaming\MiKTeX\2.9\tex/generic/pgf/systemlayer\pg
fsys.code.tex"
Package: pgfsys 2019/07/12 v3.1.4 (3.1.4)

("C:\Users\DJ MacHack\AppData\Roaming\MiKTeX\2.9\tex/generic/pgf/utilities\pgfk
eys.code.tex"
\pgfkeys@pathtoks=\toks28
\pgfkeys@temptoks=\toks29

("C:\Users\DJ MacHack\AppData\Roaming\MiKTeX\2.9\tex/generic/pgf/utilities\pgfk
eysfiltered.code.tex"
\pgfkeys@tmptoks=\toks30
))
\pgf@x=\dimen171
\pgf@y=\dimen172
\pgf@xa=\dimen173
\pgf@ya=\dimen174
\pgf@xb=\dimen175
\pgf@yb=\dimen176
\pgf@xc=\dimen177
\pgf@yc=\dimen178
\pgf@xd=\dimen179
\pgf@yd=\dimen180
\w@pgf@writea=\write4
\r@pgf@reada=\read3
\c@pgf@counta=\count406
\c@pgf@countb=\count407
\c@pgf@countc=\count408
\c@pgf@countd=\count409
\t@pgf@toka=\toks31
\t@pgf@tokb=\toks32
\t@pgf@tokc=\toks33
\pgf@sys@id@count=\count410

("C:\Users\DJ MacHack\AppData\Roaming\MiKTeX\2.9\tex/generic/pgf/systemlayer\pg
f.cfg"
File: pgf.cfg 2019/07/12 v3.1.4 (3.1.4)
)
Driver file for pgf: pgfsys-pdftex.def

("C:\Users\DJ MacHack\AppData\Roaming\MiKTeX\2.9\tex/generic/pgf/systemlayer\pg
fsys-pdftex.def"
File: pgfsys-pdftex.def 2019/07/12 v3.1.4 (3.1.4)

("C:\Users\DJ MacHack\AppData\Roaming\MiKTeX\2.9\tex/generic/pgf/systemlayer\pg
fsys-common-pdf.def"
File: pgfsys-common-pdf.def 2019/07/12 v3.1.4 (3.1.4)
)))
("C:\Users\DJ MacHack\AppData\Roaming\MiKTeX\2.9\tex/generic/pgf/systemlayer\pg
fsyssoftpath.code.tex"
File: pgfsyssoftpath.code.tex 2019/07/12 v3.1.4 (3.1.4)
\pgfsyssoftpath@smallbuffer@items=\count411
\pgfsyssoftpath@bigbuffer@items=\count412
)
("C:\Users\DJ MacHack\AppData\Roaming\MiKTeX\2.9\tex/generic/pgf/systemlayer\pg
fsysprotocol.code.tex"
File: pgfsysprotocol.code.tex 2019/07/12 v3.1.4 (3.1.4)
))
("C:\Users\DJ MacHack\AppData\Roaming\MiKTeX\2.9\tex/generic/pgf/basiclayer\pgf
core.code.tex"
Package: pgfcore 2019/07/12 v3.1.4 (3.1.4)

("C:\Users\DJ MacHack\AppData\Roaming\MiKTeX\2.9\tex/generic/pgf/math\pgfmath.c
ode.tex"
("C:\Users\DJ MacHack\AppData\Roaming\MiKTeX\2.9\tex/generic/pgf/math\pgfmathca
lc.code.tex"
("C:\Users\DJ MacHack\AppData\Roaming\MiKTeX\2.9\tex/generic/pgf/math\pgfmathut
il.code.tex")
("C:\Users\DJ MacHack\AppData\Roaming\MiKTeX\2.9\tex/generic/pgf/math\pgfmathpa
rser.code.tex"
\pgfmath@dimen=\dimen181
\pgfmath@count=\count413
\pgfmath@box=\box51
\pgfmath@toks=\toks34
\pgfmath@stack@operand=\toks35
\pgfmath@stack@operation=\toks36
)
("C:\Users\DJ MacHack\AppData\Roaming\MiKTeX\2.9\tex/generic/pgf/math\pgfmathfu
nctions.code.tex"
("C:\Users\DJ MacHack\AppData\Roaming\MiKTeX\2.9\tex/generic/pgf/math\pgfmathfu
nctions.basic.code.tex")
("C:\Users\DJ MacHack\AppData\Roaming\MiKTeX\2.9\tex/generic/pgf/math\pgfmathfu
nctions.trigonometric.code.tex")
("C:\Users\DJ MacHack\AppData\Roaming\MiKTeX\2.9\tex/generic/pgf/math\pgfmathfu
nctions.random.code.tex")
("C:\Users\DJ MacHack\AppData\Roaming\MiKTeX\2.9\tex/generic/pgf/math\pgfmathfu
nctions.comparison.code.tex")
("C:\Users\DJ MacHack\AppData\Roaming\MiKTeX\2.9\tex/generic/pgf/math\pgfmathfu
nctions.base.code.tex")
("C:\Users\DJ MacHack\AppData\Roaming\MiKTeX\2.9\tex/generic/pgf/math\pgfmathfu
nctions.round.code.tex")
("C:\Users\DJ MacHack\AppData\Roaming\MiKTeX\2.9\tex/generic/pgf/math\pgfmathfu
nctions.misc.code.tex")
("C:\Users\DJ MacHack\AppData\Roaming\MiKTeX\2.9\tex/generic/pgf/math\pgfmathfu
nctions.integerarithmetics.code.tex")))
("C:\Users\DJ MacHack\AppData\Roaming\MiKTeX\2.9\tex/generic/pgf/math\pgfmathfl
oat.code.tex"
\c@pgfmathroundto@lastzeros=\count414
))
("C:\Users\DJ MacHack\AppData\Roaming\MiKTeX\2.9\tex/generic/pgf/math\pgfint.co
de.tex")
("C:\Users\DJ MacHack\AppData\Roaming\MiKTeX\2.9\tex/generic/pgf/basiclayer\pgf
corepoints.code.tex"
File: pgfcorepoints.code.tex 2019/07/12 v3.1.4 (3.1.4)
\pgf@picminx=\dimen182
\pgf@picmaxx=\dimen183
\pgf@picminy=\dimen184
\pgf@picmaxy=\dimen185
\pgf@pathminx=\dimen186
\pgf@pathmaxx=\dimen187
\pgf@pathminy=\dimen188
\pgf@pathmaxy=\dimen189
\pgf@xx=\dimen190
\pgf@xy=\dimen191
\pgf@yx=\dimen192
\pgf@yy=\dimen193
\pgf@zx=\dimen194
\pgf@zy=\dimen195
)
("C:\Users\DJ MacHack\AppData\Roaming\MiKTeX\2.9\tex/generic/pgf/basiclayer\pgf
corepathconstruct.code.tex"
File: pgfcorepathconstruct.code.tex 2019/07/12 v3.1.4 (3.1.4)
\pgf@path@lastx=\dimen196
\pgf@path@lasty=\dimen197
)
("C:\Users\DJ MacHack\AppData\Roaming\MiKTeX\2.9\tex/generic/pgf/basiclayer\pgf
corepathusage.code.tex"
File: pgfcorepathusage.code.tex 2019/07/12 v3.1.4 (3.1.4)
\pgf@shorten@end@additional=\dimen198
\pgf@shorten@start@additional=\dimen199
)
("C:\Users\DJ MacHack\AppData\Roaming\MiKTeX\2.9\tex/generic/pgf/basiclayer\pgf
corescopes.code.tex"
File: pgfcorescopes.code.tex 2019/07/12 v3.1.4 (3.1.4)
\pgfpic=\box52
\pgf@hbox=\box53
\pgf@layerbox@main=\box54
\pgf@picture@serial@count=\count415
)
("C:\Users\DJ MacHack\AppData\Roaming\MiKTeX\2.9\tex/generic/pgf/basiclayer\pgf
coregraphicstate.code.tex"
File: pgfcoregraphicstate.code.tex 2019/07/12 v3.1.4 (3.1.4)
\pgflinewidth=\dimen256
)
("C:\Users\DJ MacHack\AppData\Roaming\MiKTeX\2.9\tex/generic/pgf/basiclayer\pgf
coretransformations.code.tex"
File: pgfcoretransformations.code.tex 2019/07/12 v3.1.4 (3.1.4)
\pgf@pt@x=\dimen257
\pgf@pt@y=\dimen258
\pgf@pt@temp=\dimen259
)
("C:\Users\DJ MacHack\AppData\Roaming\MiKTeX\2.9\tex/generic/pgf/basiclayer\pgf
corequick.code.tex"
File: pgfcorequick.code.tex 2019/07/12 v3.1.4 (3.1.4)
)
("C:\Users\DJ MacHack\AppData\Roaming\MiKTeX\2.9\tex/generic/pgf/basiclayer\pgf
coreobjects.code.tex"
File: pgfcoreobjects.code.tex 2019/07/12 v3.1.4 (3.1.4)
)
("C:\Users\DJ MacHack\AppData\Roaming\MiKTeX\2.9\tex/generic/pgf/basiclayer\pgf
corepathprocessing.code.tex"
File: pgfcorepathprocessing.code.tex 2019/07/12 v3.1.4 (3.1.4)
)
("C:\Users\DJ MacHack\AppData\Roaming\MiKTeX\2.9\tex/generic/pgf/basiclayer\pgf
corearrows.code.tex"
File: pgfcorearrows.code.tex 2019/07/12 v3.1.4 (3.1.4)
\pgfarrowsep=\dimen260
)
("C:\Users\DJ MacHack\AppData\Roaming\MiKTeX\2.9\tex/generic/pgf/basiclayer\pgf
coreshade.code.tex"
File: pgfcoreshade.code.tex 2019/07/12 v3.1.4 (3.1.4)
\pgf@max=\dimen261
\pgf@sys@shading@range@num=\count416
\pgf@shadingcount=\count417
)
("C:\Users\DJ MacHack\AppData\Roaming\MiKTeX\2.9\tex/generic/pgf/basiclayer\pgf
coreimage.code.tex"
File: pgfcoreimage.code.tex 2019/07/12 v3.1.4 (3.1.4)

("C:\Users\DJ MacHack\AppData\Roaming\MiKTeX\2.9\tex/generic/pgf/basiclayer\pgf
coreexternal.code.tex"
File: pgfcoreexternal.code.tex 2019/07/12 v3.1.4 (3.1.4)
\pgfexternal@startupbox=\box55
))
("C:\Users\DJ MacHack\AppData\Roaming\MiKTeX\2.9\tex/generic/pgf/basiclayer\pgf
corelayers.code.tex"
File: pgfcorelayers.code.tex 2019/07/12 v3.1.4 (3.1.4)
)
("C:\Users\DJ MacHack\AppData\Roaming\MiKTeX\2.9\tex/generic/pgf/basiclayer\pgf
coretransparency.code.tex"
File: pgfcoretransparency.code.tex 2019/07/12 v3.1.4 (3.1.4)
)
("C:\Users\DJ MacHack\AppData\Roaming\MiKTeX\2.9\tex/generic/pgf/basiclayer\pgf
corepatterns.code.tex"
File: pgfcorepatterns.code.tex 2019/07/12 v3.1.4 (3.1.4)
)
("C:\Users\DJ MacHack\AppData\Roaming\MiKTeX\2.9\tex/generic/pgf/basiclayer\pgf
corerdf.code.tex"
File: pgfcorerdf.code.tex 2019/07/12 v3.1.4 (3.1.4)
)))
("C:\Users\DJ MacHack\AppData\Roaming\MiKTeX\2.9\tex/generic/pgf/modules\pgfmod
uleshapes.code.tex"
File: pgfmoduleshapes.code.tex 2019/07/12 v3.1.4 (3.1.4)
\pgfnodeparttextbox=\box56
)
("C:\Users\DJ MacHack\AppData\Roaming\MiKTeX\2.9\tex/generic/pgf/modules\pgfmod
uleplot.code.tex"
File: pgfmoduleplot.code.tex 2019/07/12 v3.1.4 (3.1.4)
)
("C:\Users\DJ MacHack\AppData\Roaming\MiKTeX\2.9\tex/latex/pgf/compatibility\pg
fcomp-version-0-65.sty"
Package: pgfcomp-version-0-65 2019/07/12 v3.1.4 (3.1.4)
\pgf@nodesepstart=\dimen262
\pgf@nodesepend=\dimen263
)
("C:\Users\DJ MacHack\AppData\Roaming\MiKTeX\2.9\tex/latex/pgf/compatibility\pg
fcomp-version-1-18.sty"
Package: pgfcomp-version-1-18 2019/07/12 v3.1.4 (3.1.4)
))
("C:\Users\DJ MacHack\AppData\Roaming\MiKTeX\2.9\tex/latex/pgf/utilities\pgffor
.sty"
("C:\Users\DJ MacHack\AppData\Roaming\MiKTeX\2.9\tex/latex/pgf/utilities\pgfkey
s.sty"
("C:\Users\DJ MacHack\AppData\Roaming\MiKTeX\2.9\tex/generic/pgf/utilities\pgfk
eys.code.tex"))
("C:\Users\DJ MacHack\AppData\Roaming\MiKTeX\2.9\tex/latex/pgf/math\pgfmath.sty
"
("C:\Users\DJ MacHack\AppData\Roaming\MiKTeX\2.9\tex/generic/pgf/math\pgfmath.c
ode.tex"))
("C:\Users\DJ MacHack\AppData\Roaming\MiKTeX\2.9\tex/generic/pgf/utilities\pgff
or.code.tex"
Package: pgffor 2019/07/12 v3.1.4 (3.1.4)

("C:\Users\DJ MacHack\AppData\Roaming\MiKTeX\2.9\tex/generic/pgf/math\pgfmath.c
ode.tex")
\pgffor@iter=\dimen264
\pgffor@skip=\dimen265
\pgffor@stack=\toks37
\pgffor@toks=\toks38
))
("C:\Users\DJ MacHack\AppData\Roaming\MiKTeX\2.9\tex/generic/pgf/frontendlayer/
tikz\tikz.code.tex"
Package: tikz 2019/07/12 v3.1.4 (3.1.4)

("C:\Users\DJ MacHack\AppData\Roaming\MiKTeX\2.9\tex/generic/pgf/libraries\pgfl
ibraryplothandlers.code.tex"
File: pgflibraryplothandlers.code.tex 2019/07/12 v3.1.4 (3.1.4)
\pgf@plot@mark@count=\count418
\pgfplotmarksize=\dimen266
)
\tikz@lastx=\dimen267
\tikz@lasty=\dimen268
\tikz@lastxsaved=\dimen269
\tikz@lastysaved=\dimen270
\tikz@lastmovetox=\dimen271
\tikz@lastmovetoy=\dimen272
\tikzleveldistance=\dimen273
\tikzsiblingdistance=\dimen274
\tikz@figbox=\box57
\tikz@figbox@bg=\box58
\tikz@tempbox=\box59
\tikz@tempbox@bg=\box60
\tikztreelevel=\count419
\tikznumberofchildren=\count420
\tikznumberofcurrentchild=\count421
\tikz@fig@count=\count422

("C:\Users\DJ MacHack\AppData\Roaming\MiKTeX\2.9\tex/generic/pgf/modules\pgfmod
ulematrix.code.tex"
File: pgfmodulematrix.code.tex 2019/07/12 v3.1.4 (3.1.4)
\pgfmatrixcurrentrow=\count423
\pgfmatrixcurrentcolumn=\count424
\pgf@matrix@numberofcolumns=\count425
)
\tikz@expandcount=\count426

("C:\Users\DJ MacHack\AppData\Roaming\MiKTeX\2.9\tex/generic/pgf/frontendlayer/
tikz/libraries\tikzlibrarytopaths.code.tex"
File: tikzlibrarytopaths.code.tex 2019/07/12 v3.1.4 (3.1.4)
)))
("C:\Users\DJ MacHack\AppData\Roaming\MiKTeX\2.9\tex/generic/pgf/frontendlayer/
tikz/libraries\tikzlibrarypositioning.code.tex"
File: tikzlibrarypositioning.code.tex 2019/07/12 v3.1.4 (3.1.4)
)
("C:\Users\DJ MacHack\AppData\Roaming\MiKTeX\2.9\tex/generic/pgf/frontendlayer/
tikz/libraries\tikzlibraryshadows.code.tex"
File: tikzlibraryshadows.code.tex 2019/07/12 v3.1.4 (3.1.4)

("C:\Users\DJ MacHack\AppData\Roaming\MiKTeX\2.9\tex/generic/pgf/frontendlayer/
tikz/libraries\tikzlibraryfadings.code.tex"
File: tikzlibraryfadings.code.tex 2019/07/12 v3.1.4 (3.1.4)

("C:\Users\DJ MacHack\AppData\Roaming\MiKTeX\2.9\tex/generic/pgf/libraries\pgfl
ibraryfadings.code.tex"
File: pgflibraryfadings.code.tex 2019/07/12 v3.1.4 (3.1.4)
)))
("E:\Program Files\MiKTeX 2.9\tex/latex/tools\calc.sty"
Package: calc 2017/05/25 v4.3 Infix arithmetic (KKT,FJ)
\calc@Acount=\count427
\calc@Bcount=\count428
\calc@Adimen=\dimen275
\calc@Bdimen=\dimen276
\calc@Askip=\skip91
\calc@Bskip=\skip92
LaTeX Info: Redefining \setlength on input line 80.
LaTeX Info: Redefining \addtolength on input line 81.
\calc@Ccount=\count429
\calc@Cskip=\skip93
)
\c@@todonotes@numberoftodonotes=\count430
)
\c@todocounter=\count431

("C:\Users\DJ MacHack\AppData\Roaming\MiKTeX\2.9\tex/latex/blindtext\blindtext.
sty"
Package: blindtext 2012/01/06 V2.0 blindtext-Package
\c@blindtext=\count432
\c@Blindtext=\count433
\c@blind@countparstart=\count434
\blind@countxx=\count435
\blindtext@numBlindtext=\count436
\blind@countyy=\count437
\c@blindlist=\count438
\c@blindlistlevel=\count439
\c@blindlist@level=\count440
\blind@listitem=\count441
\c@blind@listcount=\count442
\c@blind@levelcount=\count443
\blind@mathformula=\count444
\blind@Mathformula=\count445
\c@blind@randomcount=\count446
\c@blind@randommax=\count447
\c@blind@pangramcount=\count448
\c@blind@pangrammax=\count449
) ("E:\Program Files\MiKTeX 2.9\tex/latex/tools\tabularx.sty"
Package: tabularx 2016/02/03 v2.11b `tabularx' package (DPC)

("E:\Program Files\MiKTeX 2.9\tex/latex/tools\array.sty"
Package: array 2018/12/30 v2.4k Tabular extension package (FMi)
\col@sep=\dimen277
\ar@mcellbox=\box61
\extrarowheight=\dimen278
\NC@list=\toks39
\extratabsurround=\skip94
\backup@length=\skip95
\ar@cellbox=\box62
)
\TX@col@width=\dimen279
\TX@old@table=\dimen280
\TX@old@col=\dimen281
\TX@target=\dimen282
\TX@delta=\dimen283
\TX@cols=\count450
\TX@ftn=\toks40
)
("C:\Users\DJ MacHack\AppData\Roaming\MiKTeX\2.9\tex/latex/caption\caption.sty"
Package: caption 2018/10/06 v3.3-154 Customizing captions (AR)
("C:\Users\DJ MacHack\AppData\Roaming\MiKTeX\2.9\tex/latex/caption\caption3.sty
"
Package: caption3 2018/09/12 v1.8c caption3 kernel (AR)
Package caption3 Info: TeX engine: e-TeX on input line 64.
\captionmargin=\dimen284
\captionmargin@=\dimen285
\captionwidth=\dimen286
\caption@tempdima=\dimen287
\caption@indent=\dimen288
\caption@parindent=\dimen289
\caption@hangindent=\dimen290
)
Package caption Info: KOMA-Script document class.
\c@caption@flags=\count451
\c@ContinuedFloat=\count452
) ("C:\Users\DJ MacHack\AppData\Roaming\MiKTeX\2.9\tex/latex/subfig\subfig.sty"
Package: subfig 2005/06/28 ver: 1.3 subfig package
\c@KVtest=\count453
\sf@farskip=\skip96
\sf@captopadj=\dimen291
\sf@capskip=\skip97
\sf@nearskip=\skip98
\c@subfigure=\count454
\c@subfigure@save=\count455
\c@lofdepth=\count456
\c@subtable=\count457
\c@subtable@save=\count458
\c@lotdepth=\count459
\sf@top=\skip99
\sf@bottom=\skip100
)
("C:\Users\DJ MacHack\AppData\Roaming\MiKTeX\2.9\tex/latex/wrapfig\wrapfig.sty"
\wrapoverhang=\dimen292
\WF@size=\dimen293
\c@WF@wrappedlines=\count460
\WF@box=\box63
\WF@everypar=\toks41
Package: wrapfig 2003/01/31  v 3.6
)
("C:\Users\DJ MacHack\AppData\Roaming\MiKTeX\2.9\tex/latex/listings\listings.st
y"
\lst@mode=\count461
\lst@gtempboxa=\box64
\lst@token=\toks42
\lst@length=\count462
\lst@currlwidth=\dimen294
\lst@column=\count463
\lst@pos=\count464
\lst@lostspace=\dimen295
\lst@width=\dimen296
\lst@newlines=\count465
\lst@lineno=\count466
\lst@maxwidth=\dimen297

("C:\Users\DJ MacHack\AppData\Roaming\MiKTeX\2.9\tex/latex/listings\lstmisc.sty
"
File: lstmisc.sty 2019/02/27 1.8b (Carsten Heinz)
\c@lstnumber=\count467
\lst@skipnumbers=\count468
\lst@framebox=\box65
)
("C:\Users\DJ MacHack\AppData\Roaming\MiKTeX\2.9\tex/latex/listings\listings.cf
g"
File: listings.cfg 2019/02/27 1.8b listings configuration
))
Package scrhack Info: loading listings hack on input line 106.

("C:\Users\DJ MacHack\AppData\Roaming\MiKTeX\2.9\tex/latex/koma-script\listings
.hak"
File: listings.hak 2019/02/01 v3.26b KOMA-Script package (hacking package listi
ngs)
Package tocbasic Info: setting babel extension for `lol' on input line 137.
Package scrhack Info: redefining \lstlistoflistings on input line 137.
)
Package: listings 2019/02/27 1.8b (Carsten Heinz)

("C:\Users\DJ MacHack\AppData\Roaming\MiKTeX\2.9\tex/latex/listings\lstlang1.st
y"
File: lstlang1.sty 2019/02/27 1.8b listings language file
)
("C:\Users\DJ MacHack\AppData\Roaming\MiKTeX\2.9\tex/latex/listings\lstlang2.st
y"
File: lstlang2.sty 2019/02/27 1.8b listings language file
)
("C:\Users\DJ MacHack\AppData\Roaming\MiKTeX\2.9\tex/latex/listings\lstlang3.st
y"
File: lstlang3.sty 2019/02/27 1.8b listings language file
)
("C:\Users\DJ MacHack\AppData\Roaming\MiKTeX\2.9\tex/latex/listings\lstlang1.st
y"
File: lstlang1.sty 2019/02/27 1.8b listings language file
)
("C:\Users\DJ MacHack\AppData\Roaming\MiKTeX\2.9\tex/latex/listings\lstlang2.st
y"
File: lstlang2.sty 2019/02/27 1.8b listings language file
)
("C:\Users\DJ MacHack\AppData\Roaming\MiKTeX\2.9\tex/latex/listings\lstlang3.st
y"
File: lstlang3.sty 2019/02/27 1.8b listings language file
)
("C:\Users\DJ MacHack\AppData\Roaming\MiKTeX\2.9\tex/latex/listings\lstlang1.st
y"
File: lstlang1.sty 2019/02/27 1.8b listings language file
)
("C:\Users\DJ MacHack\AppData\Roaming\MiKTeX\2.9\tex/latex/listings\lstlang2.st
y"
File: lstlang2.sty 2019/02/27 1.8b listings language file
)
("C:\Users\DJ MacHack\AppData\Roaming\MiKTeX\2.9\tex/latex/listings\lstlang3.st
y"
File: lstlang3.sty 2019/02/27 1.8b listings language file
)
("C:\Users\DJ MacHack\AppData\Roaming\MiKTeX\2.9\tex/latex/listings\lstmisc.sty
"
File: lstmisc.sty 2019/02/27 1.8b (Carsten Heinz)
)
Package scrhack Info: hyperref hack deactivated because of
(scrhack)             detection of KOMA-Script class, that doesn't
(scrhack)             need that hack, on input line 148.
 ("E:\Program Files\MiKTeX 2.9\tex/latex/hyperref\hyperref.sty"
Package: hyperref 2018/11/30 v6.88e Hypertext links for LaTeX

("E:\Program Files\MiKTeX 2.9\tex/generic/oberdiek\hobsub-hyperref.sty"
Package: hobsub-hyperref 2016/05/16 v1.14 Bundle oberdiek, subset hyperref (HO)


("E:\Program Files\MiKTeX 2.9\tex/generic/oberdiek\hobsub-generic.sty"
Package: hobsub-generic 2016/05/16 v1.14 Bundle oberdiek, subset generic (HO)
Package: hobsub 2016/05/16 v1.14 Construct package bundles (HO)
Package hobsub Info: Skipping package `infwarerr' (already loaded).
Package hobsub Info: Skipping package `ltxcmds' (already loaded).
Package hobsub Info: Skipping package `ifluatex' (already loaded).
Package hobsub Info: Skipping package `ifvtex' (already loaded).
Package: intcalc 2016/05/16 v1.2 Expandable calculations with integers (HO)
Package hobsub Info: Skipping package `ifpdf' (already loaded).
Package hobsub Info: Skipping package `etexcmds' (already loaded).
Package hobsub Info: Skipping package `kvsetkeys' (already loaded).
Package: kvdefinekeys 2016/05/16 v1.4 Define keys (HO)
Package hobsub Info: Skipping package `pdftexcmds' (already loaded).
Package: pdfescape 2016/05/16 v1.14 Implements pdfTeX's escape features (HO)
Package: bigintcalc 2016/05/16 v1.4 Expandable calculations on big integers (HO
)
Package: bitset 2016/05/16 v1.2 Handle bit-vector datatype (HO)
Package: uniquecounter 2016/05/16 v1.3 Provide unlimited unique counter (HO)
)
Package hobsub Info: Skipping package `hobsub' (already loaded).
Package: letltxmacro 2016/05/16 v1.5 Let assignment for LaTeX macros (HO)
Package: hopatch 2016/05/16 v1.3 Wrapper for package hooks (HO)
Package: xcolor-patch 2016/05/16 xcolor patch
Package: atveryend 2016/05/16 v1.9 Hooks at the very end of document (HO)
Package: atbegshi 2016/06/09 v1.18 At begin shipout hook (HO)
Package: refcount 2016/05/16 v3.5 Data extraction from label references (HO)
Package: hycolor 2016/05/16 v1.8 Color options for hyperref/bookmark (HO)
)
("E:\Program Files\MiKTeX 2.9\tex/latex/oberdiek\auxhook.sty"
Package: auxhook 2016/05/16 v1.4 Hooks for auxiliary files (HO)
)
\@linkdim=\dimen298
\Hy@linkcounter=\count469
\Hy@pagecounter=\count470

("E:\Program Files\MiKTeX 2.9\tex/latex/hyperref\pd1enc.def"
File: pd1enc.def 2018/11/30 v6.88e Hyperref: PDFDocEncoding definition (HO)
Now handling font encoding PD1 ...
... no UTF-8 mapping file for font encoding PD1
)
\Hy@SavedSpaceFactor=\count471

("E:\Program Files\MiKTeX 2.9\tex/latex/00miktex\hyperref.cfg"
File: hyperref.cfg 2002/06/06 v1.2 hyperref configuration of TeXLive
)
Package hyperref Info: Option `hyperfootnotes' set `false' on input line 4393.
Package hyperref Info: Option `pdfpagelabels' set `true' on input line 4393.
Package hyperref Info: Hyper figures OFF on input line 4519.
Package hyperref Info: Link nesting OFF on input line 4524.
Package hyperref Info: Hyper index ON on input line 4527.
Package hyperref Info: Plain pages OFF on input line 4534.
Package hyperref Info: Backreferencing OFF on input line 4539.
Package hyperref Info: Implicit mode ON; LaTeX internals redefined.
Package hyperref Info: Bookmarks ON on input line 4772.
\c@Hy@tempcnt=\count472
LaTeX Info: Redefining \url on input line 5125.
\XeTeXLinkMargin=\dimen299
\Fld@menulength=\count473
\Field@Width=\dimen300
\Fld@charsize=\dimen301
Package hyperref Info: Hyper figures OFF on input line 6380.
Package hyperref Info: Link nesting OFF on input line 6385.
Package hyperref Info: Hyper index ON on input line 6388.
Package hyperref Info: backreferencing OFF on input line 6395.
Package hyperref Info: Link coloring OFF on input line 6400.
Package hyperref Info: Link coloring with OCG OFF on input line 6405.
Package hyperref Info: PDF/A mode OFF on input line 6410.
LaTeX Info: Redefining \ref on input line 6450.
LaTeX Info: Redefining \pageref on input line 6454.
\Hy@abspage=\count474
\c@Item=\count475
)
Package hyperref Info: Driver: hpdftex.

("E:\Program Files\MiKTeX 2.9\tex/latex/hyperref\hpdftex.def"
File: hpdftex.def 2018/11/30 v6.88e Hyperref driver for pdfTeX
\Fld@listcount=\count476
\c@bookmark@seq@number=\count477

("E:\Program Files\MiKTeX 2.9\tex/latex/oberdiek\rerunfilecheck.sty"
Package: rerunfilecheck 2016/05/16 v1.8 Rerun checks for auxiliary files (HO)
Package uniquecounter Info: New unique counter `rerunfilecheck' on input line 2
82.
)
\Hy@SectionHShift=\skip101
)
Package hyperref Info: Option `colorlinks' set `true' on input line 174.
Package hyperref Info: Option `linktocpage' set `true' on input line 174.
Package hyperref Info: Option `colorlinks' set `false' on input line 174.
Package hyperref Info: Option `breaklinks' set `true' on input line 174.
Package hyperref Info: Option `pageanchor' set `true' on input line 174.
Package hyperref Info: Option `plainpages' set `false' on input line 174.
Package hyperref Info: Option `bookmarksnumbered' set `true' on input line 174.

Package hyperref Info: Option `bookmarksopen' set `true' on input line 174.
Package hyperref Info: Option `hypertexnames' set `true' on input line 174.

("C:\Users\DJ MacHack\AppData\Roaming\MiKTeX\2.9\tex/latex/nag\nag.sty"
Package: nag 2011/11/25 0.7 warning about old commands (ulmi)
\c@nag@c=\count478
\c@nag@sins=\count479
Package nag Info: Loaded nag-l2tabu.cfg  on input line 552.

("C:\Users\DJ MacHack\AppData\Roaming\MiKTeX\2.9\tex/latex/nag\nag-l2tabu.cfg"
File: nag-l2tabu.cfg 2010/05/17 v2.11 l2tabu rules for nag.sty (ulmi)
)
Package nag Info: Loaded nag-orthodox.cfg  on input line 552.
("C:\Users\DJ MacHack\AppData\Roaming\MiKTeX\2.9\tex/latex/nag\nag-orthodox.cfg
"
File: nag-orthodox.cfg 2006/04/19 v1.8 strict rules for nag.sty (ulmi)
)
Package nag Info: Loaded nag-abort.cfg  on input line 552.
 ("C:\Users\DJ MacHack\AppData\Roaming\MiKTeX\2.9\tex/latex/nag\nag-abort.cfg"
File: nag-abort.cfg 2007/11/10 v0.2 treat complaints as errors (ulmi)
LaTeX Info: Redefining \nag@warn on input line 24.
LaTeX Info: Redefining \nag@warnNoLine on input line 28.
))
("C:\Users\DJ MacHack\AppData\Roaming\MiKTeX\2.9\tex/latex/onlyamsmath\onlyamsm
ath.sty"
Package: onlyamsmath 2016/12/18 v0.20 Destroy the standard math environments
)
("C:\Users\DJ MacHack\AppData\Roaming\MiKTeX\2.9\tex/latex/enumitem\enumitem.st
y"
Package: enumitem 2019/06/20 v3.9 Customized lists
\labelindent=\skip102
\enit@outerparindent=\dimen302
\enit@toks=\toks43
\enit@inbox=\box66
\enit@count@id=\count480
\enitdp@description=\count481
)
("C:\Users\DJ MacHack\AppData\Roaming\MiKTeX\2.9\tex/latex/microtype\microtype.
sty"
Package: microtype 2019/02/28 v2.7b Micro-typographical refinements (RS)
\MT@toks=\toks44
\MT@count=\count482
LaTeX Info: Redefining \textls on input line 790.
\MT@outer@kern=\dimen303
LaTeX Info: Redefining \textmicrotypecontext on input line 1336.
\MT@listname@count=\count483

("C:\Users\DJ MacHack\AppData\Roaming\MiKTeX\2.9\tex/latex/microtype\microtype-
pdftex.def"
File: microtype-pdftex.def 2019/02/28 v2.7b Definitions specific to pdftex (RS)

LaTeX Info: Redefining \lsstyle on input line 914.
LaTeX Info: Redefining \lslig on input line 914.
\MT@outer@space=\skip103
)
Package microtype Info: Loading configuration file microtype.cfg.

("C:\Users\DJ MacHack\AppData\Roaming\MiKTeX\2.9\tex/latex/microtype\microtype.
cfg"
File: microtype.cfg 2019/02/28 v2.7b microtype main configuration file (RS)
)) ("E:\Program Files\MiKTeX 2.9\tex/latex/psnfss\mathpazo.sty"
Package: mathpazo 2005/04/12 PSNFSS-v9.2a Palatino w/ Pazo Math (D.Puga, WaS) 
\symupright=\mathgroup4
))
("C:\Users\DJ MacHack\AppData\Roaming\MiKTeX\2.9\tex/latex/ncctools\nccmath.sty
"
Package: nccmath 2006/01/20 v1.3 Additional Math Commands (NCC)
\NCC@fracrulewidth=\dimen304
)
("C:\Users\DJ MacHack\AppData\Roaming\MiKTeX\2.9\tex/latex/mathtools\mathtools.
sty"
Package: mathtools 2021/03/18 v1.25 mathematical typesetting tools

("C:\Users\DJ MacHack\AppData\Roaming\MiKTeX\2.9\tex/latex/mathtools\mhsetup.st
y"
Package: mhsetup 2021/03/18 v1.4 programming setup (MH)
)
LaTeX Info: Thecontrolsequence`\('isalreadyrobust on input line 130.
LaTeX Info: Thecontrolsequence`\)'isalreadyrobust on input line 130.
LaTeX Info: Thecontrolsequence`\['isalreadyrobust on input line 130.
LaTeX Info: Thecontrolsequence`\]'isalreadyrobust on input line 130.
\g_MT_multlinerow_int=\count484
\l_MT_multwidth_dim=\dimen305
\origjot=\skip104
\l_MT_shortvdotswithinadjustabove_dim=\dimen306
\l_MT_shortvdotswithinadjustbelow_dim=\dimen307
\l_MT_above_intertext_sep=\dimen308
\l_MT_below_intertext_sep=\dimen309
\l_MT_above_shortintertext_sep=\dimen310
\l_MT_below_shortintertext_sep=\dimen311
\xmathstrut@box=\box67
\xmathstrut@dim=\dimen312
)
Package csquotes Info: Checking for multilingual support...
Package csquotes Info: ... found 'babel' package.
Package csquotes Info: Adjusting default style.
Package csquotes Info: Redefining alias 'default' -> 'ngerman'.
Package biblatex Info: Trying to load language 'ngerman'...
Package biblatex Info: ... file 'ngerman.lbx' found.

("C:\Users\DJ MacHack\AppData\Roaming\MiKTeX\2.9\tex/latex/biblatex/lbx\ngerman
.lbx"
File: ngerman.lbx 2018/11/02 v3.12 biblatex localization (PK/MW)
Package biblatex Info: Trying to load language 'german'...
Package biblatex Info: ... file 'german.lbx' found.

("C:\Users\DJ MacHack\AppData\Roaming\MiKTeX\2.9\tex/latex/biblatex/lbx\german.
lbx"
File: german.lbx 2018/11/02 v3.12 biblatex localization (PK/MW)
)
Package biblatex Info: Trying to load language 'german'...
Package biblatex Info: ... file 'german.lbx' found.

("C:\Users\DJ MacHack\AppData\Roaming\MiKTeX\2.9\tex/latex/biblatex/lbx\german.
lbx"
File: german.lbx 2018/11/02 v3.12 biblatex localization (PK/MW)
)) (htwsaar-i-mst-vorlage.aux (FrontBackmatter/Titlepage.aux)
(FrontBackmatter/Contents.aux) (Chapters/Einleitung.aux)
(Chapters/Grundlagen_ECC.aux) (Chapters/Theorie_Grundlagen.aux)
(Chapters/Endliche_Koerper.aux) (Chapters/EC.aux) (Chapters/ECDH.aux)
(Chapters/Fazit.aux) (FrontBackmatter/Bibliography.aux)
(FrontBackmatter/ListOfs.aux) (FrontBackmatter/Abbreviations.aux))
\openout1 = `htwsaar-i-mst-vorlage.aux'.

LaTeX Font Info:    Checking defaults for OML/cmm/m/it on input line 29.
LaTeX Font Info:    ... okay on input line 29.
LaTeX Font Info:    Checking defaults for T1/cmr/m/n on input line 29.
LaTeX Font Info:    ... okay on input line 29.
LaTeX Font Info:    Checking defaults for OT1/cmr/m/n on input line 29.
LaTeX Font Info:    ... okay on input line 29.
LaTeX Font Info:    Checking defaults for OMS/cmsy/m/n on input line 29.
LaTeX Font Info:    ... okay on input line 29.
LaTeX Font Info:    Checking defaults for OMX/cmex/m/n on input line 29.
LaTeX Font Info:    ... okay on input line 29.
LaTeX Font Info:    Checking defaults for U/cmr/m/n on input line 29.
LaTeX Font Info:    ... okay on input line 29.
LaTeX Font Info:    Checking defaults for TS1/cmr/m/n on input line 29.
LaTeX Font Info:    Try loading font information for TS1+cmr on input line 29.

("E:\Program Files\MiKTeX 2.9\tex/latex/base\ts1cmr.fd"
File: ts1cmr.fd 2014/09/29 v2.5h Standard LaTeX font definitions
)
LaTeX Font Info:    ... okay on input line 29.
LaTeX Font Info:    Checking defaults for PD1/pdf/m/n on input line 29.
LaTeX Font Info:    ... okay on input line 29.
LaTeX Font Info:    Try loading font information for T1+ppl on input line 29.

("E:\Program Files\MiKTeX 2.9\tex/latex/psnfss\t1ppl.fd"
File: t1ppl.fd 2001/06/04 font definitions for T1/ppl.
)
Package biblatex Info: Input encoding 'utf8' detected.
Package biblatex Info: Data encoding 'ascii' specified.
(biblatex)             No need to reencode data.
Package biblatex Info: Input encoding 'utf8' specified.
Package biblatex Info: Data encoding 'ascii' specified.
(biblatex)             No need to reencode data.
\openout3 = `htwsaar-i-mst-vorlage-blx.bib'.

Package biblatex Info: Trying to load bibliographic data...
Package biblatex Info: ... file 'htwsaar-i-mst-vorlage.bbl' found.

(htwsaar-i-mst-vorlage.bbl)
Package biblatex Info: Reference section=0 on input line 29.
Package biblatex Info: Reference segment=0 on input line 29.

*geometry* driver: auto-detecting
*geometry* detected driver: pdftex
*geometry* verbose mode - [ preamble ] result:
* driver: pdftex
* paper: a4paper
* layout: <same size as paper>
* layoutoffset:(h,v)=(0.0pt,0.0pt)
* modes: twoside 
* h-part:(L,W,R)=(71.13188pt, 426.79135pt, 99.58464pt)
* v-part:(T,H,B)=(71.13188pt, 688.5567pt, 85.35826pt)
* \paperwidth=597.50787pt
* \paperheight=845.04684pt
* \textwidth=426.79135pt
* \textheight=688.5567pt
* \oddsidemargin=-1.1381pt
* \evensidemargin=27.31465pt
* \topmargin=-38.53812pt
* \headheight=17.0pt
* \headsep=20.40001pt
* \topskip=11.0pt
* \footskip=47.6pt
* \marginparwidth=87.49223pt
* \marginparsep=12.8401pt
* \columnsep=10.0pt
* \skip\footins=10.0pt plus 4.0pt minus 2.0pt
* \hoffset=0.0pt
* \voffset=0.0pt
* \mag=1000
* \@twocolumnfalse
* \@twosidetrue
* \@mparswitchtrue
* \@reversemarginfalse
* (1in=72.27pt=25.4mm, 1cm=28.453pt)


("C:\Users\DJ MacHack\AppData\Roaming\MiKTeX\2.9\tex/context/base/mkii\supp-pdf
.mkii"
[Loading MPS to PDF converter (version 2006.09.02).]
\scratchcounter=\count485
\scratchdimen=\dimen313
\scratchbox=\box68
\nofMPsegments=\count486
\nofMParguments=\count487
\everyMPshowfont=\toks45
\MPscratchCnt=\count488
\MPscratchDim=\dimen314
\MPnumerator=\count489
\makeMPintoPDFobject=\count490
\everyMPtoPDFconversion=\toks46
) ("E:\Program Files\MiKTeX 2.9\tex/latex/oberdiek\epstopdf-base.sty"
Package: epstopdf-base 2016/05/15 v2.6 Base part for package epstopdf

("E:\Program Files\MiKTeX 2.9\tex/latex/oberdiek\grfext.sty"
Package: grfext 2016/05/16 v1.2 Manage graphics extensions (HO)
)
Package epstopdf-base Info: Redefining graphics rule for `.eps' on input line 4
38.
Package grfext Info: Graphics extension search list:
(grfext)             [.pdf,.png,.jpg,.mps,.jpeg,.jbig2,.jb2,.PDF,.PNG,.JPG,.JPE
G,.JBIG2,.JB2,.eps]
(grfext)             \AppendGraphicsExtensions on input line 456.
)
ABD: EveryShipout initializing macros
Package caption Info: Begin \AtBeginDocument code.
Package caption Info: subfig package v1.3 is loaded.
Package caption Info: hyperref package is loaded.
Package caption Info: listings package is loaded.
Package caption Info: wrapfig package is loaded.
Package caption Info: End \AtBeginDocument code.
\c@lstlisting=\count491
Package scrhack Info: undefining \float@addtolists on input line 29.
\AtBeginShipoutBox=\box69
Package hyperref Info: Link coloring OFF on input line 29.

("E:\Program Files\MiKTeX 2.9\tex/latex/hyperref\nameref.sty"
Package: nameref 2016/05/21 v2.44 Cross-referencing by name of section

("E:\Program Files\MiKTeX 2.9\tex/generic/oberdiek\gettitlestring.sty"
Package: gettitlestring 2016/05/16 v1.5 Cleanup title references (HO)
)
\c@section@level=\count492
)
LaTeX Info: Redefining \ref on input line 29.
LaTeX Info: Redefining \pageref on input line 29.
LaTeX Info: Redefining \nameref on input line 29.

(htwsaar-i-mst-vorlage.out) (htwsaar-i-mst-vorlage.out)
\@outlinefile=\write5
\openout5 = `htwsaar-i-mst-vorlage.out'.

Class scrreprt Info: loading recommended package `bookmark'.
(scrreprt)           Using `bookmark' together with `hyperref' is recommended,
(scrreprt)           because of handling of possible bookmark level gaps.
(scrreprt)           You can avoid loading `bookmark' with KOMA-Script option
(scrreprt)           `bookmarkpackage=false' before \begin{document} and
(scrreprt)           you can avoid this message with `\usepackage{bookmark}'
(scrreprt)           before \begin{document} on input line 29.

("E:\Program Files\MiKTeX 2.9\tex/latex/oberdiek\bookmark.sty"
Package: bookmark 2016/05/17 v1.26 PDF bookmarks (HO)

("E:\Program Files\MiKTeX 2.9\tex/latex/oberdiek\bkm-pdftex.def"
File: bkm-pdftex.def 2016/05/17 v1.26 bookmark driver for pdfTeX (HO)
Package auxhook Info: \AddLineBeginMainAux comes a little late,
(auxhook)             because the main .aux file is already opened on input lin
e 164.
\BKM@id=\count493
))
Package nag Info: Attempting subfig hack.
Package nag Info: OK, equivalent to subfig 1.3, redefining \sf@@@subfloat.
Package nag Info: pgf.sty is broken: disabling dollar check on input line 29.
Package nag Info: Command \frontmatter not defined, skipping amendment on input
 line 29.
Package nag Info: Command \mainmatter not defined, skipping amendment on input 
line 29.
Package nag Info: Command \backmatter not defined, skipping amendment on input 
line 29.
Package nag Info: Command \RaggedLeft not defined, skipping amendment on input 
line 29.
Package nag Info: Command \RaggedRight not defined, skipping amendment on input
 line 29.
LaTeX Info: Redefining \microtypecontext on input line 29.
Package microtype Info: Generating PDF output.
Package microtype Info: Character protrusion enabled (level 2),
(microtype)             factor: 1100.
Package microtype Info: Using default protrusion set `alltext'.
Package microtype Info: Automatic font expansion enabled (level 2),
(microtype)             stretch: 10, shrink: 10, step: 1, non-selected.
Package microtype Info: Using default expansion set `basictext'.
Package microtype Info: Tracking enabled.
Package microtype Info: Using default tracking set `smallcaps'.
Package microtype Info: Adjustment of interword spacing enabled.
Package microtype Info: Using default spacing set `basictext'.
Package microtype Info: Adjustment of character kerning enabled.
Package microtype Info: Using default kerning set `alltext'.

("C:\Users\DJ MacHack\AppData\Roaming\MiKTeX\2.9\tex/latex/microtype\mt-ppl.cfg
"
File: mt-ppl.cfg 2005/11/16 v1.6 microtype config. file: Palatino (RS)
)
Package nag Info: Command \hc@caption not defined, skipping amendment on input 
line 29.
Package nag Info: Command \topcaption not defined, skipping amendment on input 
line 29.
\openout2 = `FrontBackmatter/Titlepage.aux'.

 (FrontBackmatter/Titlepage.tex

pdfTeX warning: pdflatex (file ./Graphics/htwsaar_Logo_inwi_head_VF_4C_crop.pdf
): PDF inclusion: found PDF version <1.6>, but at most version <1.5> allowed
<Graphics/htwsaar_Logo_inwi_head_VF_4C_crop.pdf, id=30, 514.00632pt x 60.37155p
t>
File: Graphics/htwsaar_Logo_inwi_head_VF_4C_crop.pdf Graphic file (type pdf)
<use Graphics/htwsaar_Logo_inwi_head_VF_4C_crop.pdf>
Package pdftex.def Info: Graphics/htwsaar_Logo_inwi_head_VF_4C_crop.pdf  used o
n input line 5.
(pdftex.def)             Requested size: 426.79135pt x 50.1277pt.

Overfull \hbox (10.95pt too wide) in paragraph at lines 5--6
[][] 
 []

LaTeX Font Info:    Font shape `T1/ppl/bx/n' in size <14.4> not available
(Font)              Font shape `T1/ppl/b/n' tried instead on input line 11.
[1




{C:/Users/DJ MacHack/AppData/Local/MiKTeX/2.9/pdftex/config/pdftex.map} <./Grap
hics/htwsaar_Logo_inwi_head_VF_4C_crop.pdf>])
\openout2 = `FrontBackmatter/Contents.aux'.

 (FrontBackmatter/Contents.tex
LaTeX Font Info:    Font shape `T1/ppl/bx/n' in size <10.95> not available
(Font)              Font shape `T1/ppl/b/n' tried instead on input line 8.
LaTeX Font Info:    Font shape `T1/ppl/bx/n' in size <20.74> not available
(Font)              Font shape `T1/ppl/b/n' tried instead on input line 8.
Package tocbasic Info: character protrusion at toc deactivated on input line 8.


(htwsaar-i-mst-vorlage.toc
LaTeX Font Info:    Try loading font information for OT1+ppl on input line 7.

("E:\Program Files\MiKTeX 2.9\tex/latex/psnfss\ot1ppl.fd"
File: ot1ppl.fd 2001/06/04 font definitions for OT1/ppl.
)
LaTeX Font Info:    Try loading font information for OML+zplm on input line 7.

("E:\Program Files\MiKTeX 2.9\tex/latex/psnfss\omlzplm.fd"
File: omlzplm.fd 2002/09/08 Fontinst v1.914 font definitions for OML/zplm.
)
LaTeX Font Info:    Try loading font information for OMS+zplm on input line 7.

("E:\Program Files\MiKTeX 2.9\tex/latex/psnfss\omszplm.fd"
File: omszplm.fd 2002/09/08 Fontinst v1.914 font definitions for OMS/zplm.
)
LaTeX Font Info:    Try loading font information for OMX+zplm on input line 7.

("E:\Program Files\MiKTeX 2.9\tex/latex/psnfss\omxzplm.fd"
File: omxzplm.fd 2002/09/08 Fontinst v1.914 font definitions for OMX/zplm.
)
LaTeX Font Info:    Try loading font information for OT1+zplm on input line 7.

("E:\Program Files\MiKTeX 2.9\tex/latex/psnfss\ot1zplm.fd"
File: ot1zplm.fd 2002/09/08 Fontinst v1.914 font definitions for OT1/zplm.
)
Package microtype Info: Loading generic protrusion settings for font family
(microtype)             `zplm' (encoding: OT1).
(microtype)             For optimal results, create family-specific settings.
(microtype)             See the microtype manual for details.
)
\tf@toc=\write6
\openout6 = `htwsaar-i-mst-vorlage.toc'.

) [2




]
\openout2 = `Chapters/Einleitung.aux'.


(Chapters/Einleitung.tex
chapter 1.
[1





]) [2]
\openout2 = `Chapters/Grundlagen_ECC.aux'.

 (Chapters/Grundlagen_ECC.tex
chapter 2.
<Graphics/Cipher.png, id=154, 277.035pt x 127.22531pt>
File: Graphics/Cipher.png Graphic file (type png)
<use Graphics/Cipher.png>
Package pdftex.def Info: Graphics/Cipher.png  used on input line 16.
(pdftex.def)             Requested size: 213.39568pt x 98.00066pt.
[3




 <./Graphics/Cipher.png>]
<Graphics/Fig1Encryption.png, id=168, 229.60782pt x 84.315pt>
File: Graphics/Fig1Encryption.png Graphic file (type png)
<use Graphics/Fig1Encryption.png>
Package pdftex.def Info: Graphics/Fig1Encryption.png  used on input line 31.
(pdftex.def)             Requested size: 213.39568pt x 78.3658pt.

Overfull \hbox (22.73228pt too wide) in paragraph at lines 37--40
[]\T1/ppl/m/n/10.95 (-10) Das ers-te asym-me-tri-sche Kryp-to-sys-tem, Rivest-S
hamir-Adleman-Verfahren (RSA-Verfahren)
 []

[4 <./Graphics/Fig1Encryption.png>]
LaTeX Font Info:    Try loading font information for U+fplmbb on input line 89.


("E:\Program Files\MiKTeX 2.9\tex/latex/psnfss\ufplmbb.fd"
File: ufplmbb.fd 2003/10/30 Fontinst v1.914 font definitions for U/fplmbb.
)
LaTeX Font Info:    Try loading font information for TS1+ppl on input line 94.

("E:\Program Files\MiKTeX 2.9\tex/latex/psnfss\ts1ppl.fd"
File: ts1ppl.fd 2001/06/04 font definitions for TS1/ppl.
) [5]
Missing character: There is no p in font fplmbb!
 [6]
LaTeX Font Info:    Font shape `T1/ppl/bx/n' in size <12> not available
(Font)              Font shape `T1/ppl/b/n' tried instead on input line 170.


Package hyperref Warning: Token not allowed in a PDF string (PDFDocEncoding):
(hyperref)                removing `subscript' on input line 170.


Package hyperref Warning: Token not allowed in a PDF string (PDFDocEncoding):
(hyperref)                removing `\<let>-command' on input line 170.


Package hyperref Warning: Token not allowed in a PDF string (PDFDocEncoding):
(hyperref)                removing `math shift' on input line 170.


Package hyperref Warning: Token not allowed in a PDF string (PDFDocEncoding):
(hyperref)                removing `subscript' on input line 187.


Package hyperref Warning: Token not allowed in a PDF string (PDFDocEncoding):
(hyperref)                removing `superscript' on input line 187.


Package hyperref Warning: Token not allowed in a PDF string (PDFDocEncoding):
(hyperref)                removing `\<let>-command' on input line 187.


Package hyperref Warning: Token not allowed in a PDF string (PDFDocEncoding):
(hyperref)                removing `math shift' on input line 187.

) [7]
\openout2 = `Chapters/Theorie_Grundlagen.aux'.

 (Chapters/Theorie_Grundlagen.tex
chapter 3.

LaTeX Warning: Command \textendash invalid in math mode on input line 21.


Overfull \hbox (3.08517pt too wide) in paragraph at lines 37--38
[]\T1/ppl/m/n/10.95 (-10) Die ers-te wich-tigs-te Me-tho-de ist die Me-tho-de d
er Be-rech-nung vom Mo-du-lo: $[]$ 
 []

[8




] [9]
LaTeX Font Info:    Try loading font information for T1+cmtt on input line 194.

 ("E:\Program Files\MiKTeX 2.9\tex/latex/base\t1cmtt.fd"
File: t1cmtt.fd 2014/09/29 v2.5h Standard LaTeX font definitions
)
Package microtype Info: Loading generic protrusion settings for font family
(microtype)             `cmtt' (encoding: T1).
(microtype)             For optimal results, create family-specific settings.
(microtype)             See the microtype manual for details.
 [10]
Overfull \hbox (1.69887pt too wide) in paragraph at lines 214--219
[]\T1/ppl/m/n/10.95 (-10) Neben der Barett-Reduktion Me-tho-de gibt es auch ei-
ne an-de-re Me-tho-de, die die Modulo-
 []

[11]) [12]
\openout2 = `Chapters/Endliche_Koerper.aux'.

 (Chapters/Endliche_Koerper.tex
chapter 4.
) [13




]
\openout2 = `Chapters/EC.aux'.

 (Chapters/EC.tex
chapter 5.
) [14




]
\openout2 = `Chapters/ECDH.aux'.

 (Chapters/ECDH.tex
chapter 6.
) [15




]
\openout2 = `Chapters/Fazit.aux'.

 (Chapters/Fazit.tex
chapter 7.
) [16




]
\openout2 = `FrontBackmatter/Bibliography.aux'.

 (FrontBackmatter/Bibliography.tex)
chapter without number

Package biblatex Warning: No driver for entry type 'standard'.
(biblatex)                Using fallback driver on input line 4.


Package biblatex Warning: No driver for entry type 'standard'.
(biblatex)                Using fallback driver on input line 4.

[17




]

Package biblatex Warning: No driver for entry type 'standard'.
(biblatex)                Using fallback driver on input line 4.


Package biblatex Warning: No driver for entry type 'standard'.
(biblatex)                Using fallback driver on input line 4.


Package biblatex Warning: No driver for entry type 'standard'.
(biblatex)                Using fallback driver on input line 4.

[18]
\openout2 = `FrontBackmatter/ListOfs.aux'.

 (FrontBackmatter/ListOfs.tex
Package tocbasic Info: character protrusion at lof deactivated on input line 8.

 (htwsaar-i-mst-vorlage.lof)
\tf@lof=\write7
\openout7 = `htwsaar-i-mst-vorlage.lof'.

Package tocbasic Info: character protrusion at lot deactivated on input line 9.


(htwsaar-i-mst-vorlage.lot)
\tf@lot=\write8
\openout8 = `htwsaar-i-mst-vorlage.lot'.

Package tocbasic Info: character protrusion at lol deactivated on input line 11
.
 (htwsaar-i-mst-vorlage.lol)
\tf@lol=\write9
\openout9 = `htwsaar-i-mst-vorlage.lol'.

) [19




]
\openout2 = `FrontBackmatter/Abbreviations.aux'.


(FrontBackmatter/Abbreviations.tex) [20



]
No complaints by nag.
Package atveryend Info: Empty hook `BeforeClearDocument' on input line 81.
Package atveryend Info: Empty hook `AfterLastShipout' on input line 81.
(htwsaar-i-mst-vorlage.aux (FrontBackmatter/Titlepage.aux)
(FrontBackmatter/Contents.aux) (Chapters/Einleitung.aux)
(Chapters/Grundlagen_ECC.aux) (Chapters/Theorie_Grundlagen.aux)
(Chapters/Endliche_Koerper.aux) (Chapters/EC.aux) (Chapters/ECDH.aux)
(Chapters/Fazit.aux) (FrontBackmatter/Bibliography.aux)
(FrontBackmatter/ListOfs.aux) (FrontBackmatter/Abbreviations.aux))
Package atveryend Info: Executing hook `AtVeryEndDocument' on input line 81.
Package atveryend Info: Executing hook `AtEndAfterFileList' on input line 81.
Package rerunfilecheck Info: File `htwsaar-i-mst-vorlage.out' has not changed.
(rerunfilecheck)             Checksum: D41D8CD98F00B204E9800998ECF8427E;0.
Package logreq Info: Writing requests to 'htwsaar-i-mst-vorlage.run.xml'.
\openout1 = `htwsaar-i-mst-vorlage.run.xml'.

 ) 
Here is how much of TeX's memory you used:
 45330 strings out of 492895
 857401 string characters out of 3133462
 1453341 words of memory out of 3000000
 48153 multiletter control sequences out of 15000+200000
 595710 words of font info for 254 fonts, out of 3000000 for 9000
 1143 hyphenation exceptions out of 8191
 76i,15n,122p,9102b,3156s stack positions out of 5000i,500n,10000p,200000b,50000s
 <C:\Users\DJ MacHack\AppData\Local\MiKTeX\2.9\fonts/pk/ljfour/jknappen/ec/dp
i600\ectt1095.pk>{E:/Program Files/MiKTeX 2.9/fonts/enc/dvips/base/8r.enc}<E:/P
rogram Files/MiKTeX 2.9/fonts/type1/public/amsfonts/cm/cmex10.pfb><E:/Program F
iles/MiKTeX 2.9/fonts/type1/public/amsfonts/cm/cmmi10.pfb><E:/Program Files/MiK
TeX 2.9/fonts/type1/public/amsfonts/cm/cmr10.pfb><E:/Program Files/MiKTeX 2.9/f
onts/type1/public/amsfonts/cm/cmsy10.pfb><C:/Users/DJ MacHack/AppData/Roaming/M
iKTeX/2.9/fonts/type1/public/mathpazo/fplmbb.pfb><C:/Users/DJ MacHack/AppData/R
oaming/MiKTeX/2.9/fonts/type1/public/mathpazo/fplmr.pfb><E:/Program Files/MiKTe
X 2.9/fonts/type1/urw/palatino/uplb8a.pfb><E:/Program Files/MiKTeX 2.9/fonts/ty
pe1/urw/palatino/uplr8a.pfb><E:/Program Files/MiKTeX 2.9/fonts/type1/urw/palati
no/uplr8a.pfb><E:/Program Files/MiKTeX 2.9/fonts/type1/urw/palatino/uplri8a.pfb
>
Output written on htwsaar-i-mst-vorlage.pdf (22 pages, 294844 bytes).
PDF statistics:
 593 PDF objects out of 1000 (max. 8388607)
 104 named destinations out of 1000 (max. 500000)
 55180 words of extra memory for PDF output out of 61914 (max. 10000000)

